{"C:\\Users\\admin\\Documents\\Projects\\gym-flow\\services\\admin-dashboard\\src\\App.vue": {"path":"C:\\Users\\admin\\Documents\\Projects\\gym-flow\\services\\admin-dashboard\\src\\App.vue","all":false,"statementMap":{"1":{"start":{"line":2,"column":0},"end":{"line":2,"column":17}}},"s":{"1":1},"branchMap":{},"b":{},"fnMap":{},"f":{}}
,"C:\\Users\\admin\\Documents\\Projects\\gym-flow\\services\\admin-dashboard\\src\\main.ts": {"path":"C:\\Users\\admin\\Documents\\Projects\\gym-flow\\services\\admin-dashboard\\src\\main.ts","all":true,"statementMap":{"0":{"start":{"line":1,"column":0},"end":{"line":1,"column":26}},"3":{"start":{"line":4,"column":0},"end":{"line":4,"column":23}},"4":{"start":{"line":5,"column":0},"end":{"line":5,"column":39}},"5":{"start":{"line":6,"column":0},"end":{"line":6,"column":48}},"6":{"start":{"line":7,"column":0},"end":{"line":7,"column":48}},"7":{"start":{"line":8,"column":0},"end":{"line":8,"column":46}},"9":{"start":{"line":10,"column":0},"end":{"line":10,"column":31}},"10":{"start":{"line":11,"column":0},"end":{"line":11,"column":35}},"12":{"start":{"line":13,"column":0},"end":{"line":13,"column":27}},"13":{"start":{"line":14,"column":0},"end":{"line":14,"column":29}},"15":{"start":{"line":16,"column":0},"end":{"line":16,"column":31}},"16":{"start":{"line":17,"column":0},"end":{"line":17,"column":13}},"17":{"start":{"line":18,"column":0},"end":{"line":18,"column":13}},"18":{"start":{"line":19,"column":0},"end":{"line":19,"column":10}},"19":{"start":{"line":20,"column":0},"end":{"line":20,"column":24}},"20":{"start":{"line":21,"column":0},"end":{"line":21,"column":3}},"21":{"start":{"line":22,"column":0},"end":{"line":22,"column":2}},"23":{"start":{"line":24,"column":0},"end":{"line":24,"column":26}},"25":{"start":{"line":26,"column":0},"end":{"line":26,"column":22}},"26":{"start":{"line":27,"column":0},"end":{"line":27,"column":15}},"27":{"start":{"line":28,"column":0},"end":{"line":28,"column":16}},"29":{"start":{"line":30,"column":0},"end":{"line":30,"column":17}}},"s":{"0":0,"3":0,"4":0,"5":0,"6":0,"7":0,"9":0,"10":0,"12":0,"13":0,"15":0,"16":0,"17":0,"18":0,"19":0,"20":0,"21":0,"23":0,"25":0,"26":0,"27":0,"29":0},"branchMap":{"0":{"type":"branch","line":1,"loc":{"start":{"line":1,"column":0},"end":{"line":30,"column":-286}},"locations":[{"start":{"line":1,"column":0},"end":{"line":30,"column":-286}}]}},"b":{"0":[0]},"fnMap":{"0":{"name":"(empty-report)","decl":{"start":{"line":1,"column":0},"end":{"line":30,"column":-286}},"loc":{"start":{"line":1,"column":0},"end":{"line":30,"column":-286}},"line":1}},"f":{"0":0}}
,"C:\\Users\\admin\\Documents\\Projects\\gym-flow\\services\\admin-dashboard\\src\\components\\HelloWorld.vue": {"path":"C:\\Users\\admin\\Documents\\Projects\\gym-flow\\services\\admin-dashboard\\src\\components\\HelloWorld.vue","all":false,"statementMap":{"7":{"start":{"line":8,"column":0},"end":{"line":8,"column":25}},"8":{"start":{"line":9,"column":0},"end":{"line":9,"column":36}},"9":{"start":{"line":10,"column":0},"end":{"line":10,"column":8}},"11":{"start":{"line":12,"column":0},"end":{"line":12,"column":75}},"12":{"start":{"line":13,"column":0},"end":{"line":13,"column":89}},"13":{"start":{"line":14,"column":0},"end":{"line":14,"column":9}},"14":{"start":{"line":15,"column":0},"end":{"line":15,"column":8}}},"s":{"7":1,"8":1,"9":1,"11":1,"12":1,"13":1,"14":1},"branchMap":{},"b":{},"fnMap":{},"f":{}}
,"C:\\Users\\admin\\Documents\\Projects\\gym-flow\\services\\admin-dashboard\\src\\components\\TheWelcome.vue": {"path":"C:\\Users\\admin\\Documents\\Projects\\gym-flow\\services\\admin-dashboard\\src\\components\\TheWelcome.vue","all":false,"statementMap":{"1":{"start":{"line":2,"column":0},"end":{"line":2,"column":43}},"2":{"start":{"line":3,"column":0},"end":{"line":3,"column":61}},"3":{"start":{"line":4,"column":0},"end":{"line":4,"column":49}},"4":{"start":{"line":5,"column":0},"end":{"line":5,"column":53}},"5":{"start":{"line":6,"column":0},"end":{"line":6,"column":53}},"6":{"start":{"line":7,"column":0},"end":{"line":7,"column":49}},"8":{"start":{"line":9,"column":0},"end":{"line":9,"column":74}},"12":{"start":{"line":13,"column":0},"end":{"line":13,"column":15}},"13":{"start":{"line":14,"column":0},"end":{"line":14,"column":20}},"14":{"start":{"line":15,"column":0},"end":{"line":15,"column":27}},"16":{"start":{"line":17,"column":0},"end":{"line":17,"column":47}},"19":{"start":{"line":20,"column":0},"end":{"line":20,"column":90}},"21":{"start":{"line":22,"column":0},"end":{"line":22,"column":16}},"23":{"start":{"line":24,"column":0},"end":{"line":24,"column":15}},"24":{"start":{"line":25,"column":0},"end":{"line":25,"column":20}},"25":{"start":{"line":26,"column":0},"end":{"line":26,"column":21}},"27":{"start":{"line":28,"column":0},"end":{"line":28,"column":41}},"30":{"start":{"line":31,"column":0},"end":{"line":31,"column":95}},"32":{"start":{"line":33,"column":0},"end":{"line":33,"column":86}},"34":{"start":{"line":35,"column":0},"end":{"line":35,"column":107}},"36":{"start":{"line":37,"column":0},"end":{"line":37,"column":75}},"38":{"start":{"line":39,"column":0},"end":{"line":39,"column":80}},"40":{"start":{"line":41,"column":0},"end":{"line":41,"column":84}},"42":{"start":{"line":43,"column":0},"end":{"line":43,"column":10}},"45":{"start":{"line":46,"column":0},"end":{"line":46,"column":86}},"46":{"start":{"line":47,"column":0},"end":{"line":47,"column":6}},"47":{"start":{"line":48,"column":0},"end":{"line":48,"column":16}},"49":{"start":{"line":50,"column":0},"end":{"line":50,"column":15}},"50":{"start":{"line":51,"column":0},"end":{"line":51,"column":20}},"51":{"start":{"line":52,"column":0},"end":{"line":52,"column":23}},"53":{"start":{"line":54,"column":0},"end":{"line":54,"column":43}},"56":{"start":{"line":57,"column":0},"end":{"line":57,"column":80}},"57":{"start":{"line":58,"column":0},"end":{"line":58,"column":86}},"58":{"start":{"line":59,"column":0},"end":{"line":59,"column":98}},"59":{"start":{"line":60,"column":0},"end":{"line":60,"column":100}},"61":{"start":{"line":62,"column":0},"end":{"line":62,"column":97}},"63":{"start":{"line":64,"column":0},"end":{"line":64,"column":16}},"65":{"start":{"line":66,"column":0},"end":{"line":66,"column":15}},"66":{"start":{"line":67,"column":0},"end":{"line":67,"column":20}},"67":{"start":{"line":68,"column":0},"end":{"line":68,"column":23}},"69":{"start":{"line":70,"column":0},"end":{"line":70,"column":43}},"72":{"start":{"line":73,"column":0},"end":{"line":73,"column":80}},"74":{"start":{"line":75,"column":0},"end":{"line":75,"column":94}},"75":{"start":{"line":76,"column":0},"end":{"line":76,"column":23}},"76":{"start":{"line":77,"column":0},"end":{"line":77,"column":42}},"77":{"start":{"line":78,"column":0},"end":{"line":78,"column":94}},"79":{"start":{"line":80,"column":0},"end":{"line":80,"column":75}},"81":{"start":{"line":82,"column":0},"end":{"line":82,"column":16}},"83":{"start":{"line":84,"column":0},"end":{"line":84,"column":15}},"84":{"start":{"line":85,"column":0},"end":{"line":85,"column":20}},"85":{"start":{"line":86,"column":0},"end":{"line":86,"column":21}},"87":{"start":{"line":88,"column":0},"end":{"line":88,"column":45}},"91":{"start":{"line":92,"column":0},"end":{"line":92,"column":95}},"92":{"start":{"line":93,"column":0},"end":{"line":93,"column":16}}},"s":{"1":1,"2":1,"3":1,"4":1,"5":1,"6":1,"8":1,"12":1,"13":1,"14":1,"16":1,"19":1,"21":1,"23":1,"24":1,"25":1,"27":1,"30":1,"32":1,"34":1,"36":1,"38":1,"40":1,"42":1,"45":1,"46":1,"47":1,"49":1,"50":1,"51":1,"53":1,"56":1,"57":1,"58":1,"59":1,"61":1,"63":1,"65":1,"66":1,"67":1,"69":1,"72":1,"74":1,"75":1,"76":1,"77":1,"79":1,"81":1,"83":1,"84":1,"85":1,"87":1,"91":1,"92":1},"branchMap":{"0":{"type":"branch","line":17,"loc":{"start":{"line":17,"column":23},"end":{"line":17,"column":47}},"locations":[{"start":{"line":17,"column":23},"end":{"line":17,"column":47}}]},"1":{"type":"branch","line":18,"loc":{"start":{"line":18,"column":-1},"end":{"line":22,"column":16}},"locations":[{"start":{"line":18,"column":-1},"end":{"line":22,"column":16}}]},"2":{"type":"branch","line":28,"loc":{"start":{"line":28,"column":23},"end":{"line":28,"column":41}},"locations":[{"start":{"line":28,"column":23},"end":{"line":28,"column":41}}]},"3":{"type":"branch","line":29,"loc":{"start":{"line":29,"column":-1},"end":{"line":48,"column":16}},"locations":[{"start":{"line":29,"column":-1},"end":{"line":48,"column":16}}]},"4":{"type":"branch","line":54,"loc":{"start":{"line":54,"column":23},"end":{"line":54,"column":43}},"locations":[{"start":{"line":54,"column":23},"end":{"line":54,"column":43}}]},"5":{"type":"branch","line":55,"loc":{"start":{"line":55,"column":-1},"end":{"line":64,"column":16}},"locations":[{"start":{"line":55,"column":-1},"end":{"line":64,"column":16}}]},"6":{"type":"branch","line":70,"loc":{"start":{"line":70,"column":23},"end":{"line":70,"column":43}},"locations":[{"start":{"line":70,"column":23},"end":{"line":70,"column":43}}]},"7":{"type":"branch","line":71,"loc":{"start":{"line":71,"column":-1},"end":{"line":82,"column":16}},"locations":[{"start":{"line":71,"column":-1},"end":{"line":82,"column":16}}]},"8":{"type":"branch","line":88,"loc":{"start":{"line":88,"column":23},"end":{"line":88,"column":45}},"locations":[{"start":{"line":88,"column":23},"end":{"line":88,"column":45}}]},"9":{"type":"branch","line":89,"loc":{"start":{"line":89,"column":-1},"end":{"line":93,"column":16}},"locations":[{"start":{"line":89,"column":-1},"end":{"line":93,"column":16}}]}},"b":{"0":[1],"1":[1],"2":[1],"3":[1],"4":[1],"5":[1],"6":[1],"7":[1],"8":[1],"9":[1]},"fnMap":{"0":{"name":"openReadmeInEditor","decl":{"start":{"line":9,"column":27},"end":{"line":9,"column":74}},"loc":{"start":{"line":9,"column":27},"end":{"line":9,"column":74}},"line":9}},"f":{"0":0}}
,"C:\\Users\\admin\\Documents\\Projects\\gym-flow\\services\\admin-dashboard\\src\\components\\WelcomeItem.vue": {"path":"C:\\Users\\admin\\Documents\\Projects\\gym-flow\\services\\admin-dashboard\\src\\components\\WelcomeItem.vue","all":false,"statementMap":{"1":{"start":{"line":2,"column":0},"end":{"line":2,"column":20}},"2":{"start":{"line":3,"column":0},"end":{"line":3,"column":7}},"3":{"start":{"line":4,"column":0},"end":{"line":4,"column":31}},"4":{"start":{"line":5,"column":0},"end":{"line":5,"column":8}},"5":{"start":{"line":6,"column":0},"end":{"line":6,"column":25}},"6":{"start":{"line":7,"column":0},"end":{"line":7,"column":10}},"7":{"start":{"line":8,"column":0},"end":{"line":8,"column":36}},"8":{"start":{"line":9,"column":0},"end":{"line":9,"column":11}},"9":{"start":{"line":10,"column":0},"end":{"line":10,"column":19}},"10":{"start":{"line":11,"column":0},"end":{"line":11,"column":10}},"11":{"start":{"line":12,"column":0},"end":{"line":12,"column":8}}},"s":{"1":1,"2":1,"3":1,"4":1,"5":1,"6":1,"7":1,"8":1,"9":1,"10":1,"11":1},"branchMap":{},"b":{},"fnMap":{},"f":{}}
,"C:\\Users\\admin\\Documents\\Projects\\gym-flow\\services\\admin-dashboard\\src\\components\\icons\\IconCommunity.vue": {"path":"C:\\Users\\admin\\Documents\\Projects\\gym-flow\\services\\admin-dashboard\\src\\components\\icons\\IconCommunity.vue","all":false,"statementMap":{"1":{"start":{"line":2,"column":0},"end":{"line":2,"column":85}},"2":{"start":{"line":3,"column":0},"end":{"line":3,"column":9}},"3":{"start":{"line":4,"column":0},"end":{"line":4,"column":918}},"4":{"start":{"line":5,"column":0},"end":{"line":5,"column":6}},"5":{"start":{"line":6,"column":0},"end":{"line":6,"column":8}}},"s":{"1":1,"2":1,"3":1,"4":1,"5":1},"branchMap":{},"b":{},"fnMap":{},"f":{}}
,"C:\\Users\\admin\\Documents\\Projects\\gym-flow\\services\\admin-dashboard\\src\\components\\icons\\IconDocumentation.vue": {"path":"C:\\Users\\admin\\Documents\\Projects\\gym-flow\\services\\admin-dashboard\\src\\components\\icons\\IconDocumentation.vue","all":false,"statementMap":{"1":{"start":{"line":2,"column":0},"end":{"line":2,"column":85}},"2":{"start":{"line":3,"column":0},"end":{"line":3,"column":9}},"3":{"start":{"line":4,"column":0},"end":{"line":4,"column":1118}},"4":{"start":{"line":5,"column":0},"end":{"line":5,"column":6}},"5":{"start":{"line":6,"column":0},"end":{"line":6,"column":8}}},"s":{"1":1,"2":1,"3":1,"4":1,"5":1},"branchMap":{},"b":{},"fnMap":{},"f":{}}
,"C:\\Users\\admin\\Documents\\Projects\\gym-flow\\services\\admin-dashboard\\src\\components\\icons\\IconEcosystem.vue": {"path":"C:\\Users\\admin\\Documents\\Projects\\gym-flow\\services\\admin-dashboard\\src\\components\\icons\\IconEcosystem.vue","all":false,"statementMap":{"1":{"start":{"line":2,"column":0},"end":{"line":2,"column":85}},"2":{"start":{"line":3,"column":0},"end":{"line":3,"column":9}},"3":{"start":{"line":4,"column":0},"end":{"line":4,"column":1841}},"4":{"start":{"line":5,"column":0},"end":{"line":5,"column":6}},"5":{"start":{"line":6,"column":0},"end":{"line":6,"column":8}}},"s":{"1":1,"2":1,"3":1,"4":1,"5":1},"branchMap":{},"b":{},"fnMap":{},"f":{}}
,"C:\\Users\\admin\\Documents\\Projects\\gym-flow\\services\\admin-dashboard\\src\\components\\icons\\IconSupport.vue": {"path":"C:\\Users\\admin\\Documents\\Projects\\gym-flow\\services\\admin-dashboard\\src\\components\\icons\\IconSupport.vue","all":false,"statementMap":{"1":{"start":{"line":2,"column":0},"end":{"line":2,"column":85}},"2":{"start":{"line":3,"column":0},"end":{"line":3,"column":9}},"3":{"start":{"line":4,"column":0},"end":{"line":4,"column":152}},"4":{"start":{"line":5,"column":0},"end":{"line":5,"column":6}},"5":{"start":{"line":6,"column":0},"end":{"line":6,"column":8}}},"s":{"1":1,"2":1,"3":1,"4":1,"5":1},"branchMap":{},"b":{},"fnMap":{},"f":{}}
,"C:\\Users\\admin\\Documents\\Projects\\gym-flow\\services\\admin-dashboard\\src\\components\\icons\\IconTooling.vue": {"path":"C:\\Users\\admin\\Documents\\Projects\\gym-flow\\services\\admin-dashboard\\src\\components\\icons\\IconTooling.vue","all":false,"statementMap":{"2":{"start":{"line":3,"column":0},"end":{"line":3,"column":6}},"3":{"start":{"line":4,"column":0},"end":{"line":4,"column":38}},"4":{"start":{"line":5,"column":0},"end":{"line":5,"column":46}},"5":{"start":{"line":6,"column":0},"end":{"line":6,"column":22}},"6":{"start":{"line":7,"column":0},"end":{"line":7,"column":14}},"7":{"start":{"line":8,"column":0},"end":{"line":8,"column":32}},"8":{"start":{"line":9,"column":0},"end":{"line":9,"column":14}},"9":{"start":{"line":10,"column":0},"end":{"line":10,"column":15}},"10":{"start":{"line":11,"column":0},"end":{"line":11,"column":39}},"11":{"start":{"line":12,"column":0},"end":{"line":12,"column":23}},"13":{"start":{"line":14,"column":0},"end":{"line":14,"column":9}},"14":{"start":{"line":15,"column":0},"end":{"line":15,"column":411}},"15":{"start":{"line":16,"column":0},"end":{"line":16,"column":25}},"16":{"start":{"line":17,"column":0},"end":{"line":17,"column":12}},"17":{"start":{"line":18,"column":0},"end":{"line":18,"column":8}}},"s":{"2":1,"3":1,"4":1,"5":1,"6":1,"7":1,"8":1,"9":1,"10":1,"11":1,"13":1,"14":1,"15":1,"16":1,"17":1},"branchMap":{},"b":{},"fnMap":{},"f":{}}
,"C:\\Users\\admin\\Documents\\Projects\\gym-flow\\services\\admin-dashboard\\src\\layouts\\DashboardLayout.vue": {"path":"C:\\Users\\admin\\Documents\\Projects\\gym-flow\\services\\admin-dashboard\\src\\layouts\\DashboardLayout.vue","all":false,"statementMap":{"1":{"start":{"line":2,"column":0},"end":{"line":2,"column":42}},"2":{"start":{"line":3,"column":0},"end":{"line":3,"column":35}},"3":{"start":{"line":4,"column":0},"end":{"line":4,"column":49}},"4":{"start":{"line":5,"column":0},"end":{"line":5,"column":64}},"5":{"start":{"line":6,"column":0},"end":{"line":6,"column":29}},"6":{"start":{"line":7,"column":0},"end":{"line":7,"column":18}},"7":{"start":{"line":8,"column":0},"end":{"line":8,"column":60}},"8":{"start":{"line":9,"column":0},"end":{"line":9,"column":35}},"9":{"start":{"line":10,"column":0},"end":{"line":10,"column":54}},"11":{"start":{"line":12,"column":0},"end":{"line":12,"column":82}},"12":{"start":{"line":13,"column":0},"end":{"line":13,"column":22}},"13":{"start":{"line":14,"column":0},"end":{"line":14,"column":58}},"14":{"start":{"line":15,"column":0},"end":{"line":15,"column":35}},"15":{"start":{"line":16,"column":0},"end":{"line":16,"column":61}},"17":{"start":{"line":18,"column":0},"end":{"line":18,"column":81}},"18":{"start":{"line":19,"column":0},"end":{"line":19,"column":22}},"19":{"start":{"line":20,"column":0},"end":{"line":20,"column":67}},"20":{"start":{"line":21,"column":0},"end":{"line":21,"column":35}},"21":{"start":{"line":22,"column":0},"end":{"line":22,"column":57}},"23":{"start":{"line":24,"column":0},"end":{"line":24,"column":89}},"24":{"start":{"line":25,"column":0},"end":{"line":25,"column":22}},"25":{"start":{"line":26,"column":0},"end":{"line":26,"column":15}},"26":{"start":{"line":27,"column":0},"end":{"line":27,"column":26}},"28":{"start":{"line":29,"column":0},"end":{"line":29,"column":34}},"29":{"start":{"line":30,"column":0},"end":{"line":30,"column":77}},"30":{"start":{"line":31,"column":0},"end":{"line":31,"column":14}},"31":{"start":{"line":32,"column":0},"end":{"line":32,"column":53}},"32":{"start":{"line":33,"column":0},"end":{"line":33,"column":21}},"33":{"start":{"line":34,"column":0},"end":{"line":34,"column":19}},"34":{"start":{"line":35,"column":0},"end":{"line":35,"column":33}},"35":{"start":{"line":36,"column":0},"end":{"line":36,"column":45}},"36":{"start":{"line":37,"column":0},"end":{"line":37,"column":29}},"37":{"start":{"line":38,"column":0},"end":{"line":38,"column":27}},"38":{"start":{"line":39,"column":0},"end":{"line":39,"column":24}},"39":{"start":{"line":40,"column":0},"end":{"line":40,"column":22}},"40":{"start":{"line":41,"column":0},"end":{"line":41,"column":22}},"41":{"start":{"line":42,"column":0},"end":{"line":42,"column":15}},"42":{"start":{"line":43,"column":0},"end":{"line":43,"column":26}},"44":{"start":{"line":45,"column":0},"end":{"line":45,"column":20}},"45":{"start":{"line":46,"column":0},"end":{"line":46,"column":36}},"46":{"start":{"line":47,"column":0},"end":{"line":47,"column":73}},"47":{"start":{"line":48,"column":0},"end":{"line":48,"column":48}},"48":{"start":{"line":49,"column":0},"end":{"line":49,"column":27}},"50":{"start":{"line":51,"column":0},"end":{"line":51,"column":24}},"51":{"start":{"line":52,"column":0},"end":{"line":52,"column":14}},"52":{"start":{"line":53,"column":0},"end":{"line":53,"column":47}},"53":{"start":{"line":54,"column":0},"end":{"line":54,"column":50}},"54":{"start":{"line":55,"column":0},"end":{"line":55,"column":62}},"55":{"start":{"line":56,"column":0},"end":{"line":56,"column":44}},"56":{"start":{"line":57,"column":0},"end":{"line":57,"column":23}},"58":{"start":{"line":59,"column":0},"end":{"line":59,"column":45}},"59":{"start":{"line":60,"column":0},"end":{"line":60,"column":18}},"61":{"start":{"line":62,"column":0},"end":{"line":62,"column":16}},"62":{"start":{"line":63,"column":0},"end":{"line":63,"column":88}},"63":{"start":{"line":64,"column":0},"end":{"line":64,"column":58}},"64":{"start":{"line":65,"column":0},"end":{"line":65,"column":24}},"65":{"start":{"line":66,"column":0},"end":{"line":66,"column":75}},"66":{"start":{"line":67,"column":0},"end":{"line":67,"column":57}},"67":{"start":{"line":68,"column":0},"end":{"line":68,"column":24}},"68":{"start":{"line":69,"column":0},"end":{"line":69,"column":17}},"69":{"start":{"line":70,"column":0},"end":{"line":70,"column":15}},"71":{"start":{"line":72,"column":0},"end":{"line":72,"column":73}},"72":{"start":{"line":73,"column":0},"end":{"line":73,"column":40}},"73":{"start":{"line":74,"column":0},"end":{"line":74,"column":14}},"74":{"start":{"line":75,"column":0},"end":{"line":75,"column":16}},"76":{"start":{"line":77,"column":0},"end":{"line":77,"column":25}},"77":{"start":{"line":78,"column":0},"end":{"line":78,"column":12}},"78":{"start":{"line":79,"column":0},"end":{"line":79,"column":25}},"79":{"start":{"line":80,"column":0},"end":{"line":80,"column":23}},"80":{"start":{"line":81,"column":0},"end":{"line":81,"column":20}},"81":{"start":{"line":82,"column":0},"end":{"line":82,"column":13}},"82":{"start":{"line":83,"column":0},"end":{"line":83,"column":10}},"86":{"start":{"line":87,"column":0},"end":{"line":87,"column":35}},"87":{"start":{"line":88,"column":0},"end":{"line":88,"column":34}},"88":{"start":{"line":89,"column":0},"end":{"line":89,"column":38}},"90":{"start":{"line":91,"column":0},"end":{"line":91,"column":24}},"91":{"start":{"line":92,"column":0},"end":{"line":92,"column":33}},"93":{"start":{"line":94,"column":0},"end":{"line":94,"column":24}},"94":{"start":{"line":95,"column":0},"end":{"line":95,"column":26}},"96":{"start":{"line":97,"column":0},"end":{"line":97,"column":62}},"98":{"start":{"line":99,"column":0},"end":{"line":99,"column":24}},"99":{"start":{"line":100,"column":0},"end":{"line":100,"column":59}},"100":{"start":{"line":101,"column":0},"end":{"line":101,"column":1}},"102":{"start":{"line":103,"column":0},"end":{"line":103,"column":24}},"103":{"start":{"line":104,"column":0},"end":{"line":104,"column":25}},"104":{"start":{"line":105,"column":0},"end":{"line":105,"column":1}},"106":{"start":{"line":107,"column":0},"end":{"line":107,"column":19}},"107":{"start":{"line":108,"column":0},"end":{"line":108,"column":23}},"108":{"start":{"line":109,"column":0},"end":{"line":109,"column":1}}},"s":{"1":1,"2":1,"3":1,"4":1,"5":1,"6":1,"7":1,"8":1,"9":1,"11":1,"12":1,"13":1,"14":1,"15":1,"17":1,"18":1,"19":1,"20":1,"21":1,"23":1,"24":1,"25":1,"26":1,"28":1,"29":1,"30":1,"31":1,"32":1,"33":1,"34":1,"35":1,"36":1,"37":1,"38":1,"39":1,"40":1,"41":1,"42":1,"44":1,"45":1,"46":1,"47":1,"48":1,"50":1,"51":1,"52":1,"53":1,"54":1,"55":1,"56":1,"58":1,"59":1,"61":1,"62":1,"63":1,"64":1,"65":1,"66":1,"67":1,"68":1,"69":1,"71":1,"72":1,"73":1,"74":1,"76":1,"77":1,"78":1,"79":1,"80":1,"81":1,"82":1,"86":1,"87":1,"88":1,"90":1,"91":1,"93":1,"94":1,"96":1,"98":0,"99":0,"100":0,"102":1,"103":1,"104":1,"106":1,"107":1,"108":1},"branchMap":{"0":{"type":"branch","line":97,"loc":{"start":{"line":97,"column":24},"end":{"line":97,"column":61}},"locations":[{"start":{"line":97,"column":24},"end":{"line":97,"column":61}}]},"1":{"type":"branch","line":103,"loc":{"start":{"line":103,"column":0},"end":{"line":105,"column":1}},"locations":[{"start":{"line":103,"column":0},"end":{"line":105,"column":1}}]},"2":{"type":"branch","line":107,"loc":{"start":{"line":107,"column":0},"end":{"line":109,"column":1}},"locations":[{"start":{"line":107,"column":0},"end":{"line":109,"column":1}}]},"3":{"type":"branch","line":10,"loc":{"start":{"line":10,"column":12},"end":{"line":10,"column":54}},"locations":[{"start":{"line":10,"column":12},"end":{"line":10,"column":54}}]},"4":{"type":"branch","line":12,"loc":{"start":{"line":12,"column":53},"end":{"line":12,"column":82}},"locations":[{"start":{"line":12,"column":53},"end":{"line":12,"column":82}}]},"5":{"type":"branch","line":12,"loc":{"start":{"line":12,"column":62},"end":{"line":12,"column":82}},"locations":[{"start":{"line":12,"column":62},"end":{"line":12,"column":82}}]},"6":{"type":"branch","line":16,"loc":{"start":{"line":16,"column":12},"end":{"line":16,"column":61}},"locations":[{"start":{"line":16,"column":12},"end":{"line":16,"column":61}}]},"7":{"type":"branch","line":18,"loc":{"start":{"line":18,"column":53},"end":{"line":18,"column":81}},"locations":[{"start":{"line":18,"column":53},"end":{"line":18,"column":81}}]},"8":{"type":"branch","line":18,"loc":{"start":{"line":18,"column":61},"end":{"line":18,"column":81}},"locations":[{"start":{"line":18,"column":61},"end":{"line":18,"column":81}}]},"9":{"type":"branch","line":22,"loc":{"start":{"line":22,"column":12},"end":{"line":22,"column":57}},"locations":[{"start":{"line":22,"column":12},"end":{"line":22,"column":57}}]},"10":{"type":"branch","line":24,"loc":{"start":{"line":24,"column":53},"end":{"line":24,"column":89}},"locations":[{"start":{"line":24,"column":53},"end":{"line":24,"column":89}}]},"11":{"type":"branch","line":24,"loc":{"start":{"line":24,"column":69},"end":{"line":24,"column":89}},"locations":[{"start":{"line":24,"column":69},"end":{"line":24,"column":89}}]},"12":{"type":"branch","line":32,"loc":{"start":{"line":32,"column":26},"end":{"line":32,"column":53}},"locations":[{"start":{"line":32,"column":26},"end":{"line":32,"column":53}}]},"13":{"type":"branch","line":32,"loc":{"start":{"line":32,"column":34},"end":{"line":32,"column":53}},"locations":[{"start":{"line":32,"column":34},"end":{"line":32,"column":53}}]},"14":{"type":"branch","line":47,"loc":{"start":{"line":47,"column":32},"end":{"line":47,"column":73}},"locations":[{"start":{"line":47,"column":32},"end":{"line":47,"column":73}}]},"15":{"type":"branch","line":72,"loc":{"start":{"line":72,"column":24},"end":{"line":72,"column":60}},"locations":[{"start":{"line":72,"column":24},"end":{"line":72,"column":60}}]},"16":{"type":"branch","line":48,"loc":{"start":{"line":48,"column":23},"end":{"line":48,"column":48}},"locations":[{"start":{"line":48,"column":23},"end":{"line":48,"column":48}}]},"17":{"type":"branch","line":48,"loc":{"start":{"line":48,"column":30},"end":{"line":48,"column":48}},"locations":[{"start":{"line":48,"column":30},"end":{"line":48,"column":48}}]},"18":{"type":"branch","line":56,"loc":{"start":{"line":56,"column":14},"end":{"line":56,"column":44}},"locations":[{"start":{"line":56,"column":14},"end":{"line":56,"column":44}}]},"19":{"type":"branch","line":59,"loc":{"start":{"line":59,"column":20},"end":{"line":59,"column":45}},"locations":[{"start":{"line":59,"column":20},"end":{"line":59,"column":45}}]},"20":{"type":"branch","line":59,"loc":{"start":{"line":59,"column":36},"end":{"line":59,"column":45}},"locations":[{"start":{"line":59,"column":36},"end":{"line":59,"column":45}}]},"21":{"type":"branch","line":73,"loc":{"start":{"line":73,"column":16},"end":{"line":73,"column":40}},"locations":[{"start":{"line":73,"column":16},"end":{"line":73,"column":40}}]},"22":{"type":"branch","line":73,"loc":{"start":{"line":73,"column":31},"end":{"line":73,"column":40}},"locations":[{"start":{"line":73,"column":31},"end":{"line":73,"column":40}}]},"23":{"type":"branch","line":80,"loc":{"start":{"line":80,"column":8},"end":{"line":80,"column":23}},"locations":[{"start":{"line":80,"column":8},"end":{"line":80,"column":23}}]}},"b":{"0":[3],"1":[1],"2":[1],"3":[9],"4":[9],"5":[3],"6":[9],"7":[9],"8":[3],"9":[9],"10":[9],"11":[3],"12":[9],"13":[3],"14":[3],"15":[3],"16":[9],"17":[3],"18":[9],"19":[9],"20":[3],"21":[9],"22":[3],"23":[9]},"fnMap":{"0":{"name":"toggleTheme","decl":{"start":{"line":99,"column":0},"end":{"line":101,"column":1}},"loc":{"start":{"line":99,"column":0},"end":{"line":101,"column":1}},"line":99},"1":{"name":"goToProfile","decl":{"start":{"line":103,"column":0},"end":{"line":105,"column":1}},"loc":{"start":{"line":103,"column":0},"end":{"line":105,"column":1}},"line":103},"2":{"name":"logout","decl":{"start":{"line":107,"column":0},"end":{"line":109,"column":1}},"loc":{"start":{"line":107,"column":0},"end":{"line":109,"column":1}},"line":107},"3":{"name":"onUpdate:modelValue._cache.<computed>._cache.<computed>","decl":{"start":{"line":4,"column":34},"end":{"line":4,"column":42}},"loc":{"start":{"line":4,"column":34},"end":{"line":4,"column":42}},"line":4},"4":{"name":"onUpdate:modelValue._cache.<computed>._cache.<computed>","decl":{"start":{"line":30,"column":34},"end":{"line":30,"column":50}},"loc":{"start":{"line":30,"column":34},"end":{"line":30,"column":50}},"line":30},"5":{"name":"onClick._cache.<computed>._cache.<computed>","decl":{"start":{"line":47,"column":32},"end":{"line":47,"column":73}},"loc":{"start":{"line":47,"column":32},"end":{"line":47,"column":73}},"line":47},"6":{"name":"onClick._cache.<computed>._cache.<computed>","decl":{"start":{"line":72,"column":24},"end":{"line":72,"column":60}},"loc":{"start":{"line":72,"column":24},"end":{"line":72,"column":60}},"line":72}},"f":{"0":0,"1":1,"2":1,"3":0,"4":0,"5":0,"6":0}}
,"C:\\Users\\admin\\Documents\\Projects\\gym-flow\\services\\admin-dashboard\\src\\modules\\customers\\types.ts": {"path":"C:\\Users\\admin\\Documents\\Projects\\gym-flow\\services\\admin-dashboard\\src\\modules\\customers\\types.ts","all":true,"statementMap":{},"s":{},"branchMap":{"0":{"type":"branch","line":1,"loc":{"start":{"line":1,"column":182},"end":{"line":9,"column":1}},"locations":[{"start":{"line":1,"column":182},"end":{"line":9,"column":1}}]}},"b":{"0":[1]},"fnMap":{"0":{"name":"(empty-report)","decl":{"start":{"line":1,"column":182},"end":{"line":9,"column":1}},"loc":{"start":{"line":1,"column":182},"end":{"line":9,"column":1}},"line":1}},"f":{"0":1}}
,"C:\\Users\\admin\\Documents\\Projects\\gym-flow\\services\\admin-dashboard\\src\\modules\\customers\\components\\CustomerForm.vue": {"path":"C:\\Users\\admin\\Documents\\Projects\\gym-flow\\services\\admin-dashboard\\src\\modules\\customers\\components\\CustomerForm.vue","all":false,"statementMap":{"1":{"start":{"line":2,"column":0},"end":{"line":2,"column":87}},"2":{"start":{"line":3,"column":0},"end":{"line":3,"column":12}},"3":{"start":{"line":4,"column":0},"end":{"line":4,"column":20}},"4":{"start":{"line":5,"column":0},"end":{"line":5,"column":85}},"5":{"start":{"line":6,"column":0},"end":{"line":6,"column":21}},"7":{"start":{"line":8,"column":0},"end":{"line":8,"column":19}},"8":{"start":{"line":9,"column":0},"end":{"line":9,"column":21}},"9":{"start":{"line":10,"column":0},"end":{"line":10,"column":32}},"10":{"start":{"line":11,"column":0},"end":{"line":11,"column":19}},"11":{"start":{"line":12,"column":0},"end":{"line":12,"column":31}},"12":{"start":{"line":13,"column":0},"end":{"line":13,"column":96}},"13":{"start":{"line":14,"column":0},"end":{"line":14,"column":22}},"14":{"start":{"line":15,"column":0},"end":{"line":15,"column":38}},"15":{"start":{"line":16,"column":0},"end":{"line":16,"column":80}},"16":{"start":{"line":17,"column":0},"end":{"line":17,"column":22}},"17":{"start":{"line":18,"column":0},"end":{"line":18,"column":38}},"18":{"start":{"line":19,"column":0},"end":{"line":19,"column":80}},"19":{"start":{"line":20,"column":0},"end":{"line":20,"column":22}},"20":{"start":{"line":21,"column":0},"end":{"line":21,"column":31}},"21":{"start":{"line":22,"column":0},"end":{"line":22,"column":25}},"22":{"start":{"line":23,"column":0},"end":{"line":23,"column":39}},"23":{"start":{"line":24,"column":0},"end":{"line":24,"column":45}},"24":{"start":{"line":25,"column":0},"end":{"line":25,"column":32}},"25":{"start":{"line":26,"column":0},"end":{"line":26,"column":28}},"26":{"start":{"line":27,"column":0},"end":{"line":27,"column":22}},"27":{"start":{"line":28,"column":0},"end":{"line":28,"column":31}},"28":{"start":{"line":29,"column":0},"end":{"line":29,"column":80}},"29":{"start":{"line":30,"column":0},"end":{"line":30,"column":22}},"30":{"start":{"line":31,"column":0},"end":{"line":31,"column":20}},"31":{"start":{"line":32,"column":0},"end":{"line":32,"column":19}},"32":{"start":{"line":33,"column":0},"end":{"line":33,"column":22}},"33":{"start":{"line":34,"column":0},"end":{"line":34,"column":20}},"35":{"start":{"line":36,"column":0},"end":{"line":36,"column":22}},"36":{"start":{"line":37,"column":0},"end":{"line":37,"column":29}},"37":{"start":{"line":38,"column":0},"end":{"line":38,"column":87}},"38":{"start":{"line":39,"column":0},"end":{"line":39,"column":89}},"39":{"start":{"line":40,"column":0},"end":{"line":40,"column":23}},"40":{"start":{"line":41,"column":0},"end":{"line":41,"column":13}},"41":{"start":{"line":42,"column":0},"end":{"line":42,"column":13}},"45":{"start":{"line":46,"column":0},"end":{"line":46,"column":32}},"48":{"start":{"line":49,"column":0},"end":{"line":49,"column":27}},"53":{"start":{"line":54,"column":0},"end":{"line":54,"column":44}},"55":{"start":{"line":56,"column":0},"end":{"line":56,"column":39}},"58":{"start":{"line":59,"column":0},"end":{"line":59,"column":6}},"59":{"start":{"line":60,"column":0},"end":{"line":60,"column":23}},"60":{"start":{"line":61,"column":0},"end":{"line":61,"column":15}},"61":{"start":{"line":62,"column":0},"end":{"line":62,"column":17}},"62":{"start":{"line":63,"column":0},"end":{"line":63,"column":32}},"63":{"start":{"line":64,"column":0},"end":{"line":64,"column":12}},"64":{"start":{"line":65,"column":0},"end":{"line":65,"column":21}},"65":{"start":{"line":66,"column":0},"end":{"line":66,"column":5}},"66":{"start":{"line":67,"column":0},"end":{"line":67,"column":4}},"67":{"start":{"line":68,"column":0},"end":{"line":68,"column":21}},"68":{"start":{"line":69,"column":0},"end":{"line":69,"column":1}},"70":{"start":{"line":71,"column":0},"end":{"line":71,"column":27}},"71":{"start":{"line":72,"column":0},"end":{"line":72,"column":31}},"72":{"start":{"line":73,"column":0},"end":{"line":73,"column":1}},"74":{"start":{"line":75,"column":0},"end":{"line":75,"column":28}},"76":{"start":{"line":77,"column":0},"end":{"line":77,"column":44}},"77":{"start":{"line":78,"column":0},"end":{"line":78,"column":15}},"78":{"start":{"line":79,"column":0},"end":{"line":79,"column":1}}},"s":{"1":1,"2":1,"3":1,"4":1,"5":1,"7":1,"8":1,"9":1,"10":1,"11":1,"12":1,"13":1,"14":1,"15":1,"16":1,"17":1,"18":1,"19":1,"20":1,"21":1,"22":1,"23":1,"24":1,"25":1,"26":1,"27":1,"28":1,"29":1,"30":1,"31":1,"32":1,"33":1,"35":1,"36":1,"37":1,"38":1,"39":1,"40":1,"41":1,"45":1,"48":1,"53":1,"55":1,"58":1,"59":1,"60":1,"61":9,"62":4,"63":7,"64":5,"65":5,"66":9,"67":1,"68":1,"70":1,"71":2,"72":2,"74":1,"76":1,"77":1,"78":1},"branchMap":{"0":{"type":"branch","line":60,"loc":{"start":{"line":60,"column":2},"end":{"line":60,"column":23}},"locations":[{"start":{"line":60,"column":2},"end":{"line":60,"column":23}}]},"1":{"type":"branch","line":61,"loc":{"start":{"line":61,"column":2},"end":{"line":67,"column":4}},"locations":[{"start":{"line":61,"column":2},"end":{"line":67,"column":4}}]},"2":{"type":"branch","line":62,"loc":{"start":{"line":62,"column":16},"end":{"line":66,"column":5}},"locations":[{"start":{"line":62,"column":16},"end":{"line":66,"column":5}}]},"3":{"type":"branch","line":62,"loc":{"start":{"line":62,"column":16},"end":{"line":64,"column":11}},"locations":[{"start":{"line":62,"column":16},"end":{"line":64,"column":11}}]},"4":{"type":"branch","line":64,"loc":{"start":{"line":64,"column":4},"end":{"line":66,"column":5}},"locations":[{"start":{"line":64,"column":4},"end":{"line":66,"column":5}}]},"5":{"type":"branch","line":71,"loc":{"start":{"line":71,"column":20},"end":{"line":73,"column":1}},"locations":[{"start":{"line":71,"column":20},"end":{"line":73,"column":1}}]},"6":{"type":"branch","line":75,"loc":{"start":{"line":75,"column":21},"end":{"line":79,"column":1}},"locations":[{"start":{"line":75,"column":21},"end":{"line":79,"column":1}}]},"7":{"type":"branch","line":5,"loc":{"start":{"line":5,"column":38},"end":{"line":5,"column":85}},"locations":[{"start":{"line":5,"column":38},"end":{"line":5,"column":85}}]},"8":{"type":"branch","line":5,"loc":{"start":{"line":5,"column":40},"end":{"line":5,"column":85}},"locations":[{"start":{"line":5,"column":40},"end":{"line":5,"column":85}}]},"9":{"type":"branch","line":38,"loc":{"start":{"line":38,"column":73},"end":{"line":38,"column":87}},"locations":[{"start":{"line":38,"column":73},"end":{"line":38,"column":87}}]},"10":{"type":"branch","line":39,"loc":{"start":{"line":39,"column":74},"end":{"line":39,"column":89}},"locations":[{"start":{"line":39,"column":74},"end":{"line":39,"column":89}}]}},"b":{"0":[9],"1":[9],"2":[7],"3":[4],"4":[5],"5":[2],"6":[1],"7":[2],"8":[4],"9":[6],"10":[6]},"fnMap":{"0":{"name":"form.value","decl":{"start":{"line":60,"column":2},"end":{"line":60,"column":23}},"loc":{"start":{"line":60,"column":2},"end":{"line":60,"column":23}},"line":60},"1":{"name":"immediate","decl":{"start":{"line":61,"column":2},"end":{"line":67,"column":4}},"loc":{"start":{"line":61,"column":2},"end":{"line":67,"column":4}},"line":61},"2":{"name":"closeDialog","decl":{"start":{"line":71,"column":20},"end":{"line":73,"column":1}},"loc":{"start":{"line":71,"column":20},"end":{"line":73,"column":1}},"line":71},"3":{"name":"handleSubmit","decl":{"start":{"line":75,"column":21},"end":{"line":79,"column":1}},"loc":{"start":{"line":75,"column":21},"end":{"line":79,"column":1}},"line":75},"4":{"name":"onUpdate:modelValue._cache.<computed>._cache.<computed>","decl":{"start":{"line":13,"column":44},"end":{"line":13,"column":54}},"loc":{"start":{"line":13,"column":44},"end":{"line":13,"column":54}},"line":13},"5":{"name":"onUpdate:modelValue._cache.<computed>._cache.<computed>","decl":{"start":{"line":16,"column":44},"end":{"line":16,"column":51}},"loc":{"start":{"line":16,"column":44},"end":{"line":16,"column":51}},"line":16},"6":{"name":"onUpdate:modelValue._cache.<computed>._cache.<computed>","decl":{"start":{"line":19,"column":44},"end":{"line":19,"column":51}},"loc":{"start":{"line":19,"column":44},"end":{"line":19,"column":51}},"line":19},"7":{"name":"onUpdate:modelValue._cache.<computed>._cache.<computed>","decl":{"start":{"line":23,"column":32},"end":{"line":23,"column":39}},"loc":{"start":{"line":23,"column":32},"end":{"line":23,"column":39}},"line":23},"8":{"name":"onUpdate:modelValue._cache.<computed>._cache.<computed>","decl":{"start":{"line":29,"column":42},"end":{"line":29,"column":51}},"loc":{"start":{"line":29,"column":42},"end":{"line":29,"column":51}},"line":29}},"f":{"0":9,"1":9,"2":2,"3":1,"4":0,"5":0,"6":0,"7":0,"8":0}}
,"C:\\Users\\admin\\Documents\\Projects\\gym-flow\\services\\admin-dashboard\\src\\modules\\customers\\components\\CustomerTable.vue": {"path":"C:\\Users\\admin\\Documents\\Projects\\gym-flow\\services\\admin-dashboard\\src\\modules\\customers\\components\\CustomerTable.vue","all":false,"statementMap":{"1":{"start":{"line":2,"column":0},"end":{"line":2,"column":7}},"2":{"start":{"line":3,"column":0},"end":{"line":3,"column":24}},"3":{"start":{"line":4,"column":0},"end":{"line":4,"column":30}},"4":{"start":{"line":5,"column":0},"end":{"line":5,"column":21}},"5":{"start":{"line":6,"column":0},"end":{"line":6,"column":26}},"6":{"start":{"line":7,"column":0},"end":{"line":7,"column":32}},"7":{"start":{"line":8,"column":0},"end":{"line":8,"column":27}},"8":{"start":{"line":9,"column":0},"end":{"line":9,"column":28}},"9":{"start":{"line":10,"column":0},"end":{"line":10,"column":41}},"10":{"start":{"line":11,"column":0},"end":{"line":11,"column":46}},"11":{"start":{"line":12,"column":0},"end":{"line":12,"column":22}},"12":{"start":{"line":13,"column":0},"end":{"line":13,"column":24}},"13":{"start":{"line":14,"column":0},"end":{"line":14,"column":14}},"14":{"start":{"line":15,"column":0},"end":{"line":15,"column":12}},"16":{"start":{"line":17,"column":0},"end":{"line":17,"column":17}},"17":{"start":{"line":18,"column":0},"end":{"line":18,"column":24}},"18":{"start":{"line":19,"column":0},"end":{"line":19,"column":24}},"19":{"start":{"line":20,"column":0},"end":{"line":20,"column":24}},"20":{"start":{"line":21,"column":0},"end":{"line":21,"column":32}},"21":{"start":{"line":22,"column":0},"end":{"line":22,"column":25}},"22":{"start":{"line":23,"column":0},"end":{"line":23,"column":34}},"23":{"start":{"line":24,"column":0},"end":{"line":24,"column":43}},"25":{"start":{"line":26,"column":0},"end":{"line":26,"column":45}},"26":{"start":{"line":27,"column":0},"end":{"line":27,"column":80}},"27":{"start":{"line":28,"column":0},"end":{"line":28,"column":73}},"29":{"start":{"line":30,"column":0},"end":{"line":30,"column":19}},"31":{"start":{"line":32,"column":0},"end":{"line":32,"column":39}},"32":{"start":{"line":33,"column":0},"end":{"line":33,"column":55}},"33":{"start":{"line":34,"column":0},"end":{"line":34,"column":14}},"34":{"start":{"line":35,"column":0},"end":{"line":35,"column":95}},"35":{"start":{"line":36,"column":0},"end":{"line":36,"column":24}},"36":{"start":{"line":37,"column":0},"end":{"line":37,"column":31}},"37":{"start":{"line":38,"column":0},"end":{"line":38,"column":88}},"38":{"start":{"line":39,"column":0},"end":{"line":39,"column":77}},"39":{"start":{"line":40,"column":0},"end":{"line":40,"column":31}},"40":{"start":{"line":41,"column":0},"end":{"line":41,"column":25}},"41":{"start":{"line":42,"column":0},"end":{"line":42,"column":15}},"42":{"start":{"line":43,"column":0},"end":{"line":43,"column":15}},"43":{"start":{"line":44,"column":0},"end":{"line":44,"column":8}},"47":{"start":{"line":48,"column":0},"end":{"line":48,"column":36}},"48":{"start":{"line":49,"column":0},"end":{"line":49,"column":58}},"49":{"start":{"line":50,"column":0},"end":{"line":50,"column":35}},"59":{"start":{"line":60,"column":0},"end":{"line":60,"column":34}},"61":{"start":{"line":62,"column":0},"end":{"line":62,"column":40}},"62":{"start":{"line":63,"column":0},"end":{"line":63,"column":87}},"63":{"start":{"line":64,"column":0},"end":{"line":64,"column":56}},"65":{"start":{"line":66,"column":0},"end":{"line":66,"column":22}},"66":{"start":{"line":67,"column":0},"end":{"line":67,"column":31}},"67":{"start":{"line":68,"column":0},"end":{"line":68,"column":47}},"69":{"start":{"line":70,"column":0},"end":{"line":70,"column":17}},"70":{"start":{"line":71,"column":0},"end":{"line":71,"column":42}},"71":{"start":{"line":72,"column":0},"end":{"line":72,"column":35}},"72":{"start":{"line":73,"column":0},"end":{"line":73,"column":35}},"73":{"start":{"line":74,"column":0},"end":{"line":74,"column":37}},"74":{"start":{"line":75,"column":0},"end":{"line":75,"column":58}},"75":{"start":{"line":76,"column":0},"end":{"line":76,"column":55}},"76":{"start":{"line":77,"column":0},"end":{"line":77,"column":1}},"78":{"start":{"line":79,"column":0},"end":{"line":79,"column":17}},"80":{"start":{"line":81,"column":0},"end":{"line":81,"column":2}},"82":{"start":{"line":83,"column":0},"end":{"line":83,"column":60}},"83":{"start":{"line":84,"column":0},"end":{"line":84,"column":34}},"84":{"start":{"line":85,"column":0},"end":{"line":85,"column":39}},"86":{"start":{"line":87,"column":0},"end":{"line":87,"column":18}},"87":{"start":{"line":88,"column":0},"end":{"line":88,"column":1}},"89":{"start":{"line":90,"column":0},"end":{"line":90,"column":44}},"90":{"start":{"line":91,"column":0},"end":{"line":91,"column":24}},"91":{"start":{"line":92,"column":0},"end":{"line":92,"column":1}},"93":{"start":{"line":94,"column":0},"end":{"line":94,"column":46}},"94":{"start":{"line":95,"column":0},"end":{"line":95,"column":27}},"95":{"start":{"line":96,"column":0},"end":{"line":96,"column":27}},"96":{"start":{"line":97,"column":0},"end":{"line":97,"column":1}},"98":{"start":{"line":99,"column":0},"end":{"line":99,"column":29}},"99":{"start":{"line":100,"column":0},"end":{"line":100,"column":27}},"100":{"start":{"line":101,"column":0},"end":{"line":101,"column":41}},"101":{"start":{"line":102,"column":0},"end":{"line":102,"column":3}},"102":{"start":{"line":103,"column":0},"end":{"line":103,"column":28}},"103":{"start":{"line":104,"column":0},"end":{"line":104,"column":1}}},"s":{"1":1,"2":1,"3":1,"4":1,"5":1,"6":1,"7":1,"8":1,"9":1,"10":1,"11":1,"12":1,"13":1,"14":1,"16":1,"17":1,"18":1,"19":1,"20":1,"21":1,"22":1,"23":1,"25":1,"26":1,"27":1,"29":1,"31":1,"32":1,"33":1,"34":1,"35":1,"36":1,"37":1,"38":1,"39":1,"40":1,"41":1,"42":1,"43":1,"47":1,"48":1,"49":1,"59":1,"61":1,"62":1,"63":1,"65":1,"66":1,"67":1,"69":1,"70":1,"71":1,"72":1,"73":1,"74":1,"75":1,"76":1,"78":1,"80":1,"82":1,"83":8,"84":8,"86":8,"87":8,"89":1,"90":1,"91":1,"93":1,"94":2,"95":2,"96":2,"98":1,"99":1,"100":1,"101":1,"102":1,"103":1},"branchMap":{"0":{"type":"branch","line":79,"loc":{"start":{"line":79,"column":10},"end":{"line":81,"column":1}},"locations":[{"start":{"line":79,"column":10},"end":{"line":81,"column":1}}]},"1":{"type":"branch","line":83,"loc":{"start":{"line":83,"column":28},"end":{"line":88,"column":1}},"locations":[{"start":{"line":83,"column":28},"end":{"line":88,"column":1}}]},"2":{"type":"branch","line":90,"loc":{"start":{"line":90,"column":19},"end":{"line":92,"column":1}},"locations":[{"start":{"line":90,"column":19},"end":{"line":92,"column":1}}]},"3":{"type":"branch","line":94,"loc":{"start":{"line":94,"column":25},"end":{"line":97,"column":1}},"locations":[{"start":{"line":94,"column":25},"end":{"line":97,"column":1}}]},"4":{"type":"branch","line":99,"loc":{"start":{"line":99,"column":22},"end":{"line":104,"column":1}},"locations":[{"start":{"line":99,"column":22},"end":{"line":104,"column":1}}]},"5":{"type":"branch","line":33,"loc":{"start":{"line":33,"column":23},"end":{"line":33,"column":37}},"locations":[{"start":{"line":33,"column":23},"end":{"line":33,"column":37}}]},"6":{"type":"branch","line":27,"loc":{"start":{"line":27,"column":61},"end":{"line":27,"column":80}},"locations":[{"start":{"line":27,"column":61},"end":{"line":27,"column":80}}]},"7":{"type":"branch","line":27,"loc":{"start":{"line":27,"column":71},"end":{"line":27,"column":80}},"locations":[{"start":{"line":27,"column":71},"end":{"line":27,"column":80}}]},"8":{"type":"branch","line":28,"loc":{"start":{"line":28,"column":54},"end":{"line":28,"column":73}},"locations":[{"start":{"line":28,"column":54},"end":{"line":28,"column":73}}]},"9":{"type":"branch","line":28,"loc":{"start":{"line":28,"column":64},"end":{"line":28,"column":73}},"locations":[{"start":{"line":28,"column":64},"end":{"line":28,"column":73}}]},"10":{"type":"branch","line":35,"loc":{"start":{"line":35,"column":38},"end":{"line":35,"column":95}},"locations":[{"start":{"line":35,"column":38},"end":{"line":35,"column":95}}]},"11":{"type":"branch","line":35,"loc":{"start":{"line":35,"column":80},"end":{"line":35,"column":95}},"locations":[{"start":{"line":35,"column":80},"end":{"line":35,"column":95}}]},"12":{"type":"branch","line":38,"loc":{"start":{"line":38,"column":50},"end":{"line":38,"column":74}},"locations":[{"start":{"line":38,"column":50},"end":{"line":38,"column":74}}]},"13":{"type":"branch","line":38,"loc":{"start":{"line":38,"column":74},"end":{"line":38,"column":88}},"locations":[{"start":{"line":38,"column":74},"end":{"line":38,"column":88}}]},"14":{"type":"branch","line":38,"loc":{"start":{"line":38,"column":80},"end":{"line":38,"column":88}},"locations":[{"start":{"line":38,"column":80},"end":{"line":38,"column":88}}]},"15":{"type":"branch","line":39,"loc":{"start":{"line":39,"column":67},"end":{"line":39,"column":77}},"locations":[{"start":{"line":39,"column":67},"end":{"line":39,"column":77}}]},"16":{"type":"branch","line":39,"loc":{"start":{"line":39,"column":69},"end":{"line":39,"column":77}},"locations":[{"start":{"line":39,"column":69},"end":{"line":39,"column":77}}]}},"b":{"0":[8],"1":[8],"2":[1],"3":[2],"4":[1],"5":[8],"6":[8],"7":[5],"8":[8],"9":[5],"10":[3],"11":[2],"12":[2],"13":[3],"14":[2],"15":[3],"16":[2]},"fnMap":{"0":{"name":"handleOptionsUpdate","decl":{"start":{"line":83,"column":28},"end":{"line":88,"column":1}},"loc":{"start":{"line":83,"column":28},"end":{"line":88,"column":1}},"line":83},"1":{"name":"handleEdit","decl":{"start":{"line":90,"column":19},"end":{"line":92,"column":1}},"loc":{"start":{"line":90,"column":19},"end":{"line":92,"column":1}},"line":90},"2":{"name":"openDeleteDialog","decl":{"start":{"line":94,"column":25},"end":{"line":97,"column":1}},"loc":{"start":{"line":94,"column":25},"end":{"line":97,"column":1}},"line":94},"3":{"name":"confirmDelete","decl":{"start":{"line":99,"column":22},"end":{"line":104,"column":1}},"loc":{"start":{"line":99,"column":22},"end":{"line":104,"column":1}},"line":99},"4":{"name":"onUpdate:modelValue._cache.<computed>._cache.<computed>","decl":{"start":{"line":6,"column":19},"end":{"line":6,"column":26}},"loc":{"start":{"line":6,"column":19},"end":{"line":6,"column":26}},"line":6},"5":{"name":"onClick","decl":{"start":{"line":27,"column":41},"end":{"line":27,"column":61}},"loc":{"start":{"line":27,"column":41},"end":{"line":27,"column":61}},"line":27},"6":{"name":"onClick","decl":{"start":{"line":28,"column":28},"end":{"line":28,"column":54}},"loc":{"start":{"line":28,"column":28},"end":{"line":28,"column":54}},"line":28},"7":{"name":"onUpdate:modelValue._cache.<computed>._cache.<computed>","decl":{"start":{"line":33,"column":23},"end":{"line":33,"column":37}},"loc":{"start":{"line":33,"column":23},"end":{"line":33,"column":37}},"line":33},"8":{"name":"onClick._cache.<computed>._cache.<computed>","decl":{"start":{"line":38,"column":50},"end":{"line":38,"column":74}},"loc":{"start":{"line":38,"column":50},"end":{"line":38,"column":74}},"line":38}},"f":{"0":8,"1":1,"2":2,"3":1,"4":0,"5":0,"6":0,"7":0,"8":0}}
,"C:\\Users\\admin\\Documents\\Projects\\gym-flow\\services\\admin-dashboard\\src\\modules\\customers\\router\\index.ts": {"path":"C:\\Users\\admin\\Documents\\Projects\\gym-flow\\services\\admin-dashboard\\src\\modules\\customers\\router\\index.ts","all":false,"statementMap":{"2":{"start":{"line":3,"column":0},"end":{"line":3,"column":39}},"3":{"start":{"line":4,"column":0},"end":{"line":4,"column":3}},"4":{"start":{"line":5,"column":0},"end":{"line":5,"column":23}},"5":{"start":{"line":6,"column":0},"end":{"line":6,"column":22}},"6":{"start":{"line":7,"column":0},"end":{"line":7,"column":60}},"7":{"start":{"line":8,"column":0},"end":{"line":8,"column":3}},"8":{"start":{"line":9,"column":0},"end":{"line":9,"column":1}},"10":{"start":{"line":11,"column":0},"end":{"line":11,"column":21}}},"s":{"2":1,"3":1,"4":1,"5":1,"6":1,"7":1,"8":1,"10":1},"branchMap":{},"b":{},"fnMap":{"0":{"name":"component","decl":{"start":{"line":7,"column":15},"end":{"line":7,"column":60}},"loc":{"start":{"line":7,"column":15},"end":{"line":7,"column":60}},"line":7}},"f":{"0":0}}
,"C:\\Users\\admin\\Documents\\Projects\\gym-flow\\services\\admin-dashboard\\src\\modules\\customers\\stores\\customerStore.ts": {"path":"C:\\Users\\admin\\Documents\\Projects\\gym-flow\\services\\admin-dashboard\\src\\modules\\customers\\stores\\customerStore.ts","all":false,"statementMap":{"0":{"start":{"line":1,"column":0},"end":{"line":1,"column":35}},"1":{"start":{"line":2,"column":0},"end":{"line":2,"column":25}},"5":{"start":{"line":6,"column":0},"end":{"line":6,"column":35}},"6":{"start":{"line":7,"column":0},"end":{"line":7,"column":3}},"7":{"start":{"line":8,"column":0},"end":{"line":8,"column":10}},"8":{"start":{"line":9,"column":0},"end":{"line":9,"column":25}},"9":{"start":{"line":10,"column":0},"end":{"line":10,"column":26}},"10":{"start":{"line":11,"column":0},"end":{"line":11,"column":34}},"11":{"start":{"line":12,"column":0},"end":{"line":12,"column":19}},"12":{"start":{"line":13,"column":0},"end":{"line":13,"column":30}},"13":{"start":{"line":14,"column":0},"end":{"line":14,"column":4}},"14":{"start":{"line":15,"column":0},"end":{"line":15,"column":3}},"15":{"start":{"line":16,"column":0},"end":{"line":16,"column":10}},"16":{"start":{"line":17,"column":0},"end":{"line":17,"column":27}},"17":{"start":{"line":18,"column":0},"end":{"line":18,"column":26}},"18":{"start":{"line":19,"column":0},"end":{"line":19,"column":36}},"19":{"start":{"line":20,"column":0},"end":{"line":20,"column":21}},"20":{"start":{"line":21,"column":0},"end":{"line":21,"column":32}},"21":{"start":{"line":22,"column":0},"end":{"line":22,"column":3}},"22":{"start":{"line":23,"column":0},"end":{"line":23,"column":1}},"24":{"start":{"line":25,"column":0},"end":{"line":25,"column":63}},"25":{"start":{"line":26,"column":0},"end":{"line":26,"column":39}},"26":{"start":{"line":27,"column":0},"end":{"line":27,"column":22}},"27":{"start":{"line":28,"column":0},"end":{"line":28,"column":28}},"28":{"start":{"line":29,"column":0},"end":{"line":29,"column":26}},"29":{"start":{"line":30,"column":0},"end":{"line":30,"column":28}},"31":{"start":{"line":32,"column":0},"end":{"line":32,"column":38}},"32":{"start":{"line":33,"column":0},"end":{"line":33,"column":24}},"35":{"start":{"line":36,"column":0},"end":{"line":36,"column":60}},"36":{"start":{"line":37,"column":0},"end":{"line":37,"column":35}},"37":{"start":{"line":38,"column":0},"end":{"line":38,"column":38}},"38":{"start":{"line":39,"column":0},"end":{"line":39,"column":25}},"39":{"start":{"line":40,"column":0},"end":{"line":40,"column":3}},"41":{"start":{"line":42,"column":0},"end":{"line":42,"column":48}},"43":{"start":{"line":44,"column":0},"end":{"line":44,"column":64}},"44":{"start":{"line":45,"column":0},"end":{"line":45,"column":40}},"45":{"start":{"line":46,"column":0},"end":{"line":46,"column":3}},"47":{"start":{"line":48,"column":0},"end":{"line":48,"column":10}},"48":{"start":{"line":49,"column":0},"end":{"line":49,"column":14}},"49":{"start":{"line":50,"column":0},"end":{"line":50,"column":10}},"50":{"start":{"line":51,"column":0},"end":{"line":51,"column":16}},"51":{"start":{"line":52,"column":0},"end":{"line":52,"column":13}},"52":{"start":{"line":53,"column":0},"end":{"line":53,"column":12}},"53":{"start":{"line":54,"column":0},"end":{"line":54,"column":19}},"54":{"start":{"line":55,"column":0},"end":{"line":55,"column":18}},"55":{"start":{"line":56,"column":0},"end":{"line":56,"column":3}},"56":{"start":{"line":57,"column":0},"end":{"line":57,"column":2}}},"s":{"0":1,"1":1,"5":1,"6":1,"7":1,"8":1,"9":1,"10":1,"11":1,"12":1,"13":1,"14":1,"15":1,"16":1,"17":1,"18":1,"19":1,"20":1,"21":1,"22":1,"24":1,"25":10,"26":10,"27":10,"28":10,"29":10,"31":10,"32":2,"35":2,"36":2,"37":2,"38":2,"39":2,"41":10,"43":1,"44":1,"45":1,"47":10,"48":10,"49":10,"50":10,"51":10,"52":10,"53":10,"54":10,"55":10,"56":10},"branchMap":{"0":{"type":"branch","line":25,"loc":{"start":{"line":25,"column":56},"end":{"line":57,"column":2}},"locations":[{"start":{"line":25,"column":56},"end":{"line":57,"column":2}}]},"1":{"type":"branch","line":32,"loc":{"start":{"line":32,"column":25},"end":{"line":40,"column":3}},"locations":[{"start":{"line":32,"column":25},"end":{"line":40,"column":3}}]},"2":{"type":"branch","line":36,"loc":{"start":{"line":36,"column":22},"end":{"line":36,"column":59}},"locations":[{"start":{"line":36,"column":22},"end":{"line":36,"column":59}}]},"3":{"type":"branch","line":42,"loc":{"start":{"line":42,"column":25},"end":{"line":46,"column":3}},"locations":[{"start":{"line":42,"column":25},"end":{"line":46,"column":3}}]},"4":{"type":"branch","line":44,"loc":{"start":{"line":44,"column":45},"end":{"line":44,"column":63}},"locations":[{"start":{"line":44,"column":45},"end":{"line":44,"column":63}}]}},"b":{"0":[10],"1":[2],"2":[2],"3":[1],"4":[2]},"fnMap":{"0":{"name":"fetchCustomers","decl":{"start":{"line":32,"column":25},"end":{"line":40,"column":3}},"loc":{"start":{"line":32,"column":25},"end":{"line":40,"column":3}},"line":32},"1":{"name":"customers.value","decl":{"start":{"line":36,"column":22},"end":{"line":36,"column":59}},"loc":{"start":{"line":36,"column":22},"end":{"line":36,"column":59}},"line":36},"2":{"name":"deleteCustomer","decl":{"start":{"line":42,"column":25},"end":{"line":46,"column":3}},"loc":{"start":{"line":42,"column":25},"end":{"line":46,"column":3}},"line":42}},"f":{"0":2,"1":2,"2":1}}
,"C:\\Users\\admin\\Documents\\Projects\\gym-flow\\services\\admin-dashboard\\src\\modules\\customers\\views\\CustomerListView.vue": {"path":"C:\\Users\\admin\\Documents\\Projects\\gym-flow\\services\\admin-dashboard\\src\\modules\\customers\\views\\CustomerListView.vue","all":false,"statementMap":{"1":{"start":{"line":2,"column":0},"end":{"line":2,"column":7}},"2":{"start":{"line":3,"column":0},"end":{"line":3,"column":28}},"3":{"start":{"line":4,"column":0},"end":{"line":4,"column":11}},"4":{"start":{"line":5,"column":0},"end":{"line":5,"column":37}},"5":{"start":{"line":6,"column":0},"end":{"line":6,"column":16}},"6":{"start":{"line":7,"column":0},"end":{"line":7,"column":78}},"7":{"start":{"line":8,"column":0},"end":{"line":8,"column":75}},"8":{"start":{"line":9,"column":0},"end":{"line":9,"column":17}},"9":{"start":{"line":10,"column":0},"end":{"line":10,"column":14}},"10":{"start":{"line":11,"column":0},"end":{"line":11,"column":37}},"11":{"start":{"line":12,"column":0},"end":{"line":12,"column":16}},"12":{"start":{"line":13,"column":0},"end":{"line":13,"column":77}},"13":{"start":{"line":14,"column":0},"end":{"line":14,"column":86}},"14":{"start":{"line":15,"column":0},"end":{"line":15,"column":17}},"15":{"start":{"line":16,"column":0},"end":{"line":16,"column":14}},"16":{"start":{"line":17,"column":0},"end":{"line":17,"column":37}},"17":{"start":{"line":18,"column":0},"end":{"line":18,"column":16}},"18":{"start":{"line":19,"column":0},"end":{"line":19,"column":79}},"19":{"start":{"line":20,"column":0},"end":{"line":20,"column":86}},"20":{"start":{"line":21,"column":0},"end":{"line":21,"column":17}},"21":{"start":{"line":22,"column":0},"end":{"line":22,"column":14}},"22":{"start":{"line":23,"column":0},"end":{"line":23,"column":37}},"23":{"start":{"line":24,"column":0},"end":{"line":24,"column":16}},"24":{"start":{"line":25,"column":0},"end":{"line":25,"column":82}},"25":{"start":{"line":26,"column":0},"end":{"line":26,"column":82}},"26":{"start":{"line":27,"column":0},"end":{"line":27,"column":17}},"27":{"start":{"line":28,"column":0},"end":{"line":28,"column":14}},"28":{"start":{"line":29,"column":0},"end":{"line":29,"column":12}},"30":{"start":{"line":31,"column":0},"end":{"line":31,"column":35}},"31":{"start":{"line":32,"column":0},"end":{"line":32,"column":25}},"32":{"start":{"line":33,"column":0},"end":{"line":33,"column":20}},"33":{"start":{"line":34,"column":0},"end":{"line":34,"column":63}},"34":{"start":{"line":35,"column":0},"end":{"line":35,"column":48}},"35":{"start":{"line":36,"column":0},"end":{"line":36,"column":103}},"36":{"start":{"line":37,"column":0},"end":{"line":37,"column":14}},"37":{"start":{"line":38,"column":0},"end":{"line":38,"column":21}},"38":{"start":{"line":39,"column":0},"end":{"line":39,"column":19}},"39":{"start":{"line":40,"column":0},"end":{"line":40,"column":44}},"40":{"start":{"line":41,"column":0},"end":{"line":41,"column":20}},"41":{"start":{"line":42,"column":0},"end":{"line":42,"column":13}},"43":{"start":{"line":44,"column":0},"end":{"line":44,"column":17}},"44":{"start":{"line":45,"column":0},"end":{"line":45,"column":28}},"45":{"start":{"line":46,"column":0},"end":{"line":46,"column":34}},"46":{"start":{"line":47,"column":0},"end":{"line":47,"column":44}},"47":{"start":{"line":48,"column":0},"end":{"line":48,"column":6}},"48":{"start":{"line":49,"column":0},"end":{"line":49,"column":8}},"52":{"start":{"line":53,"column":0},"end":{"line":53,"column":25}},"53":{"start":{"line":54,"column":0},"end":{"line":54,"column":59}},"54":{"start":{"line":55,"column":0},"end":{"line":55,"column":57}},"57":{"start":{"line":58,"column":0},"end":{"line":58,"column":30}},"58":{"start":{"line":59,"column":0},"end":{"line":59,"column":60}},"60":{"start":{"line":61,"column":0},"end":{"line":61,"column":25}},"61":{"start":{"line":62,"column":0},"end":{"line":62,"column":29}},"62":{"start":{"line":63,"column":0},"end":{"line":63,"column":26}},"63":{"start":{"line":64,"column":0},"end":{"line":64,"column":1}},"65":{"start":{"line":66,"column":0},"end":{"line":66,"column":44}},"66":{"start":{"line":67,"column":0},"end":{"line":67,"column":42}},"67":{"start":{"line":68,"column":0},"end":{"line":68,"column":26}},"68":{"start":{"line":69,"column":0},"end":{"line":69,"column":1}}},"s":{"1":1,"2":1,"3":1,"4":1,"5":1,"6":1,"7":1,"8":1,"9":1,"10":1,"11":1,"12":1,"13":1,"14":1,"15":1,"16":1,"17":1,"18":1,"19":1,"20":1,"21":1,"22":1,"23":1,"24":1,"25":1,"26":1,"27":1,"28":1,"30":1,"31":1,"32":1,"33":1,"34":1,"35":1,"36":1,"37":1,"38":1,"39":1,"40":1,"41":1,"43":1,"44":1,"45":1,"46":1,"47":1,"48":1,"52":1,"53":1,"54":1,"57":1,"58":1,"60":1,"61":1,"62":1,"63":1,"65":1,"66":1,"67":1,"68":1},"branchMap":{"0":{"type":"branch","line":61,"loc":{"start":{"line":61,"column":18},"end":{"line":64,"column":1}},"locations":[{"start":{"line":61,"column":18},"end":{"line":64,"column":1}}]},"1":{"type":"branch","line":66,"loc":{"start":{"line":66,"column":19},"end":{"line":69,"column":1}},"locations":[{"start":{"line":66,"column":19},"end":{"line":69,"column":1}}]},"2":{"type":"branch","line":47,"loc":{"start":{"line":47,"column":21},"end":{"line":47,"column":44}},"locations":[{"start":{"line":47,"column":21},"end":{"line":47,"column":44}}]},"3":{"type":"branch","line":7,"loc":{"start":{"line":7,"column":48},"end":{"line":7,"column":78}},"locations":[{"start":{"line":7,"column":48},"end":{"line":7,"column":78}}]},"4":{"type":"branch","line":8,"loc":{"start":{"line":8,"column":56},"end":{"line":8,"column":75}},"locations":[{"start":{"line":8,"column":56},"end":{"line":8,"column":75}}]},"5":{"type":"branch","line":13,"loc":{"start":{"line":13,"column":48},"end":{"line":13,"column":77}},"locations":[{"start":{"line":13,"column":48},"end":{"line":13,"column":77}}]},"6":{"type":"branch","line":14,"loc":{"start":{"line":14,"column":69},"end":{"line":14,"column":86}},"locations":[{"start":{"line":14,"column":69},"end":{"line":14,"column":86}}]},"7":{"type":"branch","line":19,"loc":{"start":{"line":19,"column":48},"end":{"line":19,"column":79}},"locations":[{"start":{"line":19,"column":48},"end":{"line":19,"column":79}}]},"8":{"type":"branch","line":20,"loc":{"start":{"line":20,"column":69},"end":{"line":20,"column":86}},"locations":[{"start":{"line":20,"column":69},"end":{"line":20,"column":86}}]},"9":{"type":"branch","line":25,"loc":{"start":{"line":25,"column":48},"end":{"line":25,"column":82}},"locations":[{"start":{"line":25,"column":48},"end":{"line":25,"column":82}}]},"10":{"type":"branch","line":26,"loc":{"start":{"line":26,"column":66},"end":{"line":26,"column":82}},"locations":[{"start":{"line":26,"column":66},"end":{"line":26,"column":82}}]},"11":{"type":"branch","line":36,"loc":{"start":{"line":36,"column":83},"end":{"line":36,"column":103}},"locations":[{"start":{"line":36,"column":83},"end":{"line":36,"column":103}}]}},"b":{"0":[1],"1":[1],"2":[3],"3":[3],"4":[3],"5":[3],"6":[3],"7":[3],"8":[3],"9":[3],"10":[3],"11":[3]},"fnMap":{"0":{"name":"handleAdd","decl":{"start":{"line":61,"column":18},"end":{"line":64,"column":1}},"loc":{"start":{"line":61,"column":18},"end":{"line":64,"column":1}},"line":61},"1":{"name":"handleEdit","decl":{"start":{"line":66,"column":19},"end":{"line":69,"column":1}},"loc":{"start":{"line":66,"column":19},"end":{"line":69,"column":1}},"line":66},"2":{"name":"onUpdate:visible._cache.<computed>._cache.<computed>","decl":{"start":{"line":47,"column":21},"end":{"line":47,"column":44}},"loc":{"start":{"line":47,"column":21},"end":{"line":47,"column":44}},"line":47}},"f":{"0":1,"1":1,"2":0}}
,"C:\\Users\\admin\\Documents\\Projects\\gym-flow\\services\\admin-dashboard\\src\\router\\index.ts": {"path":"C:\\Users\\admin\\Documents\\Projects\\gym-flow\\services\\admin-dashboard\\src\\router\\index.ts","all":false,"statementMap":{"0":{"start":{"line":1,"column":0},"end":{"line":1,"column":59}},"1":{"start":{"line":2,"column":0},"end":{"line":2,"column":59}},"2":{"start":{"line":3,"column":0},"end":{"line":3,"column":56}},"5":{"start":{"line":6,"column":0},"end":{"line":6,"column":60}},"6":{"start":{"line":7,"column":0},"end":{"line":7,"column":76}},"7":{"start":{"line":8,"column":0},"end":{"line":8,"column":64}},"8":{"start":{"line":9,"column":0},"end":{"line":9,"column":130}},"10":{"start":{"line":11,"column":0},"end":{"line":11,"column":29}},"11":{"start":{"line":12,"column":0},"end":{"line":12,"column":54}},"12":{"start":{"line":13,"column":0},"end":{"line":13,"column":11}},"13":{"start":{"line":14,"column":0},"end":{"line":14,"column":5}},"14":{"start":{"line":15,"column":0},"end":{"line":15,"column":16}},"15":{"start":{"line":16,"column":0},"end":{"line":16,"column":33}},"16":{"start":{"line":17,"column":0},"end":{"line":17,"column":29}},"17":{"start":{"line":18,"column":0},"end":{"line":18,"column":17}},"18":{"start":{"line":19,"column":0},"end":{"line":19,"column":26}},"19":{"start":{"line":20,"column":0},"end":{"line":20,"column":9}},"20":{"start":{"line":21,"column":0},"end":{"line":21,"column":26}},"21":{"start":{"line":22,"column":0},"end":{"line":22,"column":26}},"22":{"start":{"line":23,"column":0},"end":{"line":23,"column":32}},"23":{"start":{"line":24,"column":0},"end":{"line":24,"column":10}},"24":{"start":{"line":25,"column":0},"end":{"line":25,"column":9}},"25":{"start":{"line":26,"column":0},"end":{"line":26,"column":35}},"26":{"start":{"line":27,"column":0},"end":{"line":27,"column":35}},"27":{"start":{"line":28,"column":0},"end":{"line":28,"column":40}},"28":{"start":{"line":29,"column":0},"end":{"line":29,"column":10}},"29":{"start":{"line":30,"column":0},"end":{"line":30,"column":9}},"30":{"start":{"line":31,"column":0},"end":{"line":31,"column":26}},"31":{"start":{"line":32,"column":0},"end":{"line":32,"column":26}},"32":{"start":{"line":33,"column":0},"end":{"line":33,"column":32}},"33":{"start":{"line":34,"column":0},"end":{"line":34,"column":9}},"34":{"start":{"line":35,"column":0},"end":{"line":35,"column":7}},"35":{"start":{"line":36,"column":0},"end":{"line":36,"column":6}},"36":{"start":{"line":37,"column":0},"end":{"line":37,"column":5}},"37":{"start":{"line":38,"column":0},"end":{"line":38,"column":21}},"38":{"start":{"line":39,"column":0},"end":{"line":39,"column":20}},"39":{"start":{"line":40,"column":0},"end":{"line":40,"column":26}},"40":{"start":{"line":41,"column":0},"end":{"line":41,"column":5}},"41":{"start":{"line":42,"column":0},"end":{"line":42,"column":3}},"42":{"start":{"line":43,"column":0},"end":{"line":43,"column":2}},"44":{"start":{"line":45,"column":0},"end":{"line":45,"column":21}}},"s":{"0":1,"1":1,"2":1,"5":1,"6":1,"7":1,"8":1,"10":1,"11":1,"12":1,"13":1,"14":1,"15":1,"16":1,"17":1,"18":1,"19":1,"20":1,"21":1,"22":1,"23":1,"24":1,"25":1,"26":1,"27":1,"28":1,"29":1,"30":1,"31":1,"32":1,"33":1,"34":1,"35":1,"36":1,"37":1,"38":1,"39":1,"40":1,"41":1,"42":1,"44":1},"branchMap":{},"b":{},"fnMap":{},"f":{}}
,"C:\\Users\\admin\\Documents\\Projects\\gym-flow\\services\\admin-dashboard\\src\\stores\\counter.ts": {"path":"C:\\Users\\admin\\Documents\\Projects\\gym-flow\\services\\admin-dashboard\\src\\stores\\counter.ts","all":false,"statementMap":{"0":{"start":{"line":1,"column":0},"end":{"line":1,"column":35}},"1":{"start":{"line":2,"column":0},"end":{"line":2,"column":35}},"3":{"start":{"line":4,"column":0},"end":{"line":4,"column":61}},"4":{"start":{"line":5,"column":0},"end":{"line":5,"column":22}},"5":{"start":{"line":6,"column":0},"end":{"line":6,"column":53}},"6":{"start":{"line":7,"column":0},"end":{"line":7,"column":24}},"7":{"start":{"line":8,"column":0},"end":{"line":8,"column":17}},"8":{"start":{"line":9,"column":0},"end":{"line":9,"column":3}},"10":{"start":{"line":11,"column":0},"end":{"line":11,"column":42}},"11":{"start":{"line":12,"column":0},"end":{"line":12,"column":2}}},"s":{"0":1,"1":1,"3":1,"4":1,"5":1,"6":1,"7":1,"8":1,"10":1,"11":1},"branchMap":{"0":{"type":"branch","line":4,"loc":{"start":{"line":4,"column":54},"end":{"line":12,"column":2}},"locations":[{"start":{"line":4,"column":54},"end":{"line":12,"column":2}}]},"1":{"type":"branch","line":7,"loc":{"start":{"line":7,"column":2},"end":{"line":9,"column":3}},"locations":[{"start":{"line":7,"column":2},"end":{"line":9,"column":3}}]}},"b":{"0":[1],"1":[1]},"fnMap":{"0":{"name":"increment","decl":{"start":{"line":7,"column":2},"end":{"line":9,"column":3}},"loc":{"start":{"line":7,"column":2},"end":{"line":9,"column":3}},"line":7}},"f":{"0":1}}
,"C:\\Users\\admin\\Documents\\Projects\\gym-flow\\services\\admin-dashboard\\src\\views\\AboutView.vue": {"path":"C:\\Users\\admin\\Documents\\Projects\\gym-flow\\services\\admin-dashboard\\src\\views\\AboutView.vue","all":false,"statementMap":{"1":{"start":{"line":2,"column":0},"end":{"line":2,"column":21}},"2":{"start":{"line":3,"column":0},"end":{"line":3,"column":34}},"3":{"start":{"line":4,"column":0},"end":{"line":4,"column":8}}},"s":{"1":1,"2":1,"3":1},"branchMap":{},"b":{},"fnMap":{},"f":{}}
,"C:\\Users\\admin\\Documents\\Projects\\gym-flow\\services\\admin-dashboard\\src\\views\\HomeView.vue": {"path":"C:\\Users\\admin\\Documents\\Projects\\gym-flow\\services\\admin-dashboard\\src\\views\\HomeView.vue","all":false,"statementMap":{"1":{"start":{"line":2,"column":0},"end":{"line":2,"column":53}},"5":{"start":{"line":6,"column":0},"end":{"line":6,"column":8}},"6":{"start":{"line":7,"column":0},"end":{"line":7,"column":18}},"7":{"start":{"line":8,"column":0},"end":{"line":8,"column":9}}},"s":{"1":1,"5":1,"6":1,"7":1},"branchMap":{},"b":{},"fnMap":{},"f":{}}
}
