{"C:\\Users\\admin\\Documents\\Projects\\gym-flow\\services\\admin-dashboard\\src\\App.vue": {"path":"C:\\Users\\admin\\Documents\\Projects\\gym-flow\\services\\admin-dashboard\\src\\App.vue","all":false,"statementMap":{"1":{"start":{"line":2,"column":0},"end":{"line":2,"column":21}},"5":{"start":{"line":6,"column":0},"end":{"line":6,"column":59}}},"s":{"1":1,"5":1},"branchMap":{},"b":{},"fnMap":{},"f":{}}
,"C:\\Users\\admin\\Documents\\Projects\\gym-flow\\services\\admin-dashboard\\src\\main.ts": {"path":"C:\\Users\\admin\\Documents\\Projects\\gym-flow\\services\\admin-dashboard\\src\\main.ts","all":true,"statementMap":{"0":{"start":{"line":1,"column":0},"end":{"line":1,"column":26}},"2":{"start":{"line":3,"column":0},"end":{"line":3,"column":31}},"3":{"start":{"line":4,"column":0},"end":{"line":4,"column":35}},"5":{"start":{"line":6,"column":0},"end":{"line":6,"column":27}},"6":{"start":{"line":7,"column":0},"end":{"line":7,"column":29}},"8":{"start":{"line":9,"column":0},"end":{"line":9,"column":26}},"10":{"start":{"line":11,"column":0},"end":{"line":11,"column":22}},"11":{"start":{"line":12,"column":0},"end":{"line":12,"column":15}},"13":{"start":{"line":14,"column":0},"end":{"line":14,"column":17}}},"s":{"0":0,"2":0,"3":0,"5":0,"6":0,"8":0,"10":0,"11":0,"13":0},"branchMap":{"0":{"type":"branch","line":1,"loc":{"start":{"line":1,"column":0},"end":{"line":14,"column":-129}},"locations":[{"start":{"line":1,"column":0},"end":{"line":14,"column":-129}}]}},"b":{"0":[0]},"fnMap":{"0":{"name":"(empty-report)","decl":{"start":{"line":1,"column":0},"end":{"line":14,"column":-129}},"loc":{"start":{"line":1,"column":0},"end":{"line":14,"column":-129}},"line":1}},"f":{"0":0}}
,"C:\\Users\\admin\\Documents\\Projects\\gym-flow\\services\\admin-dashboard\\src\\components\\HelloWorld.vue": {"path":"C:\\Users\\admin\\Documents\\Projects\\gym-flow\\services\\admin-dashboard\\src\\components\\HelloWorld.vue","all":false,"statementMap":{"7":{"start":{"line":8,"column":0},"end":{"line":8,"column":25}},"8":{"start":{"line":9,"column":0},"end":{"line":9,"column":36}},"9":{"start":{"line":10,"column":0},"end":{"line":10,"column":8}},"11":{"start":{"line":12,"column":0},"end":{"line":12,"column":75}},"12":{"start":{"line":13,"column":0},"end":{"line":13,"column":89}},"13":{"start":{"line":14,"column":0},"end":{"line":14,"column":9}},"14":{"start":{"line":15,"column":0},"end":{"line":15,"column":8}}},"s":{"7":1,"8":1,"9":1,"11":1,"12":1,"13":1,"14":1},"branchMap":{},"b":{},"fnMap":{},"f":{}}
,"C:\\Users\\admin\\Documents\\Projects\\gym-flow\\services\\admin-dashboard\\src\\components\\TheWelcome.vue": {"path":"C:\\Users\\admin\\Documents\\Projects\\gym-flow\\services\\admin-dashboard\\src\\components\\TheWelcome.vue","all":false,"statementMap":{"1":{"start":{"line":2,"column":0},"end":{"line":2,"column":43}},"2":{"start":{"line":3,"column":0},"end":{"line":3,"column":61}},"3":{"start":{"line":4,"column":0},"end":{"line":4,"column":49}},"4":{"start":{"line":5,"column":0},"end":{"line":5,"column":53}},"5":{"start":{"line":6,"column":0},"end":{"line":6,"column":53}},"6":{"start":{"line":7,"column":0},"end":{"line":7,"column":49}},"8":{"start":{"line":9,"column":0},"end":{"line":9,"column":74}},"12":{"start":{"line":13,"column":0},"end":{"line":13,"column":15}},"13":{"start":{"line":14,"column":0},"end":{"line":14,"column":20}},"14":{"start":{"line":15,"column":0},"end":{"line":15,"column":27}},"16":{"start":{"line":17,"column":0},"end":{"line":17,"column":47}},"19":{"start":{"line":20,"column":0},"end":{"line":20,"column":90}},"21":{"start":{"line":22,"column":0},"end":{"line":22,"column":16}},"23":{"start":{"line":24,"column":0},"end":{"line":24,"column":15}},"24":{"start":{"line":25,"column":0},"end":{"line":25,"column":20}},"25":{"start":{"line":26,"column":0},"end":{"line":26,"column":21}},"27":{"start":{"line":28,"column":0},"end":{"line":28,"column":41}},"30":{"start":{"line":31,"column":0},"end":{"line":31,"column":95}},"32":{"start":{"line":33,"column":0},"end":{"line":33,"column":86}},"34":{"start":{"line":35,"column":0},"end":{"line":35,"column":107}},"36":{"start":{"line":37,"column":0},"end":{"line":37,"column":75}},"38":{"start":{"line":39,"column":0},"end":{"line":39,"column":80}},"40":{"start":{"line":41,"column":0},"end":{"line":41,"column":84}},"42":{"start":{"line":43,"column":0},"end":{"line":43,"column":10}},"45":{"start":{"line":46,"column":0},"end":{"line":46,"column":86}},"46":{"start":{"line":47,"column":0},"end":{"line":47,"column":6}},"47":{"start":{"line":48,"column":0},"end":{"line":48,"column":16}},"49":{"start":{"line":50,"column":0},"end":{"line":50,"column":15}},"50":{"start":{"line":51,"column":0},"end":{"line":51,"column":20}},"51":{"start":{"line":52,"column":0},"end":{"line":52,"column":23}},"53":{"start":{"line":54,"column":0},"end":{"line":54,"column":43}},"56":{"start":{"line":57,"column":0},"end":{"line":57,"column":80}},"57":{"start":{"line":58,"column":0},"end":{"line":58,"column":86}},"58":{"start":{"line":59,"column":0},"end":{"line":59,"column":98}},"59":{"start":{"line":60,"column":0},"end":{"line":60,"column":100}},"61":{"start":{"line":62,"column":0},"end":{"line":62,"column":97}},"63":{"start":{"line":64,"column":0},"end":{"line":64,"column":16}},"65":{"start":{"line":66,"column":0},"end":{"line":66,"column":15}},"66":{"start":{"line":67,"column":0},"end":{"line":67,"column":20}},"67":{"start":{"line":68,"column":0},"end":{"line":68,"column":23}},"69":{"start":{"line":70,"column":0},"end":{"line":70,"column":43}},"72":{"start":{"line":73,"column":0},"end":{"line":73,"column":80}},"74":{"start":{"line":75,"column":0},"end":{"line":75,"column":94}},"75":{"start":{"line":76,"column":0},"end":{"line":76,"column":23}},"76":{"start":{"line":77,"column":0},"end":{"line":77,"column":42}},"77":{"start":{"line":78,"column":0},"end":{"line":78,"column":94}},"79":{"start":{"line":80,"column":0},"end":{"line":80,"column":75}},"81":{"start":{"line":82,"column":0},"end":{"line":82,"column":16}},"83":{"start":{"line":84,"column":0},"end":{"line":84,"column":15}},"84":{"start":{"line":85,"column":0},"end":{"line":85,"column":20}},"85":{"start":{"line":86,"column":0},"end":{"line":86,"column":21}},"87":{"start":{"line":88,"column":0},"end":{"line":88,"column":45}},"91":{"start":{"line":92,"column":0},"end":{"line":92,"column":95}},"92":{"start":{"line":93,"column":0},"end":{"line":93,"column":16}}},"s":{"1":1,"2":1,"3":1,"4":1,"5":1,"6":1,"8":1,"12":1,"13":1,"14":1,"16":1,"19":1,"21":1,"23":1,"24":1,"25":1,"27":1,"30":1,"32":1,"34":1,"36":1,"38":1,"40":1,"42":1,"45":1,"46":1,"47":1,"49":1,"50":1,"51":1,"53":1,"56":1,"57":1,"58":1,"59":1,"61":1,"63":1,"65":1,"66":1,"67":1,"69":1,"72":1,"74":1,"75":1,"76":1,"77":1,"79":1,"81":1,"83":1,"84":1,"85":1,"87":1,"91":1,"92":1},"branchMap":{"0":{"type":"branch","line":17,"loc":{"start":{"line":17,"column":23},"end":{"line":17,"column":47}},"locations":[{"start":{"line":17,"column":23},"end":{"line":17,"column":47}}]},"1":{"type":"branch","line":18,"loc":{"start":{"line":18,"column":-1},"end":{"line":22,"column":16}},"locations":[{"start":{"line":18,"column":-1},"end":{"line":22,"column":16}}]},"2":{"type":"branch","line":28,"loc":{"start":{"line":28,"column":23},"end":{"line":28,"column":41}},"locations":[{"start":{"line":28,"column":23},"end":{"line":28,"column":41}}]},"3":{"type":"branch","line":29,"loc":{"start":{"line":29,"column":-1},"end":{"line":48,"column":16}},"locations":[{"start":{"line":29,"column":-1},"end":{"line":48,"column":16}}]},"4":{"type":"branch","line":54,"loc":{"start":{"line":54,"column":23},"end":{"line":54,"column":43}},"locations":[{"start":{"line":54,"column":23},"end":{"line":54,"column":43}}]},"5":{"type":"branch","line":55,"loc":{"start":{"line":55,"column":-1},"end":{"line":64,"column":16}},"locations":[{"start":{"line":55,"column":-1},"end":{"line":64,"column":16}}]},"6":{"type":"branch","line":70,"loc":{"start":{"line":70,"column":23},"end":{"line":70,"column":43}},"locations":[{"start":{"line":70,"column":23},"end":{"line":70,"column":43}}]},"7":{"type":"branch","line":71,"loc":{"start":{"line":71,"column":-1},"end":{"line":82,"column":16}},"locations":[{"start":{"line":71,"column":-1},"end":{"line":82,"column":16}}]},"8":{"type":"branch","line":88,"loc":{"start":{"line":88,"column":23},"end":{"line":88,"column":45}},"locations":[{"start":{"line":88,"column":23},"end":{"line":88,"column":45}}]},"9":{"type":"branch","line":89,"loc":{"start":{"line":89,"column":-1},"end":{"line":93,"column":16}},"locations":[{"start":{"line":89,"column":-1},"end":{"line":93,"column":16}}]}},"b":{"0":[1],"1":[1],"2":[1],"3":[1],"4":[1],"5":[1],"6":[1],"7":[1],"8":[1],"9":[1]},"fnMap":{"0":{"name":"openReadmeInEditor","decl":{"start":{"line":9,"column":27},"end":{"line":9,"column":74}},"loc":{"start":{"line":9,"column":27},"end":{"line":9,"column":74}},"line":9}},"f":{"0":0}}
,"C:\\Users\\admin\\Documents\\Projects\\gym-flow\\services\\admin-dashboard\\src\\components\\WelcomeItem.vue": {"path":"C:\\Users\\admin\\Documents\\Projects\\gym-flow\\services\\admin-dashboard\\src\\components\\WelcomeItem.vue","all":false,"statementMap":{"1":{"start":{"line":2,"column":0},"end":{"line":2,"column":20}},"2":{"start":{"line":3,"column":0},"end":{"line":3,"column":7}},"3":{"start":{"line":4,"column":0},"end":{"line":4,"column":31}},"4":{"start":{"line":5,"column":0},"end":{"line":5,"column":8}},"5":{"start":{"line":6,"column":0},"end":{"line":6,"column":25}},"6":{"start":{"line":7,"column":0},"end":{"line":7,"column":10}},"7":{"start":{"line":8,"column":0},"end":{"line":8,"column":36}},"8":{"start":{"line":9,"column":0},"end":{"line":9,"column":11}},"9":{"start":{"line":10,"column":0},"end":{"line":10,"column":19}},"10":{"start":{"line":11,"column":0},"end":{"line":11,"column":10}},"11":{"start":{"line":12,"column":0},"end":{"line":12,"column":8}}},"s":{"1":1,"2":1,"3":1,"4":1,"5":1,"6":1,"7":1,"8":1,"9":1,"10":1,"11":1},"branchMap":{},"b":{},"fnMap":{},"f":{}}
,"C:\\Users\\admin\\Documents\\Projects\\gym-flow\\services\\admin-dashboard\\src\\components\\icons\\IconCommunity.vue": {"path":"C:\\Users\\admin\\Documents\\Projects\\gym-flow\\services\\admin-dashboard\\src\\components\\icons\\IconCommunity.vue","all":false,"statementMap":{"1":{"start":{"line":2,"column":0},"end":{"line":2,"column":85}},"2":{"start":{"line":3,"column":0},"end":{"line":3,"column":9}},"3":{"start":{"line":4,"column":0},"end":{"line":4,"column":918}},"4":{"start":{"line":5,"column":0},"end":{"line":5,"column":6}},"5":{"start":{"line":6,"column":0},"end":{"line":6,"column":8}}},"s":{"1":1,"2":1,"3":1,"4":1,"5":1},"branchMap":{},"b":{},"fnMap":{},"f":{}}
,"C:\\Users\\admin\\Documents\\Projects\\gym-flow\\services\\admin-dashboard\\src\\components\\icons\\IconDocumentation.vue": {"path":"C:\\Users\\admin\\Documents\\Projects\\gym-flow\\services\\admin-dashboard\\src\\components\\icons\\IconDocumentation.vue","all":false,"statementMap":{"1":{"start":{"line":2,"column":0},"end":{"line":2,"column":85}},"2":{"start":{"line":3,"column":0},"end":{"line":3,"column":9}},"3":{"start":{"line":4,"column":0},"end":{"line":4,"column":1118}},"4":{"start":{"line":5,"column":0},"end":{"line":5,"column":6}},"5":{"start":{"line":6,"column":0},"end":{"line":6,"column":8}}},"s":{"1":1,"2":1,"3":1,"4":1,"5":1},"branchMap":{},"b":{},"fnMap":{},"f":{}}
,"C:\\Users\\admin\\Documents\\Projects\\gym-flow\\services\\admin-dashboard\\src\\components\\icons\\IconEcosystem.vue": {"path":"C:\\Users\\admin\\Documents\\Projects\\gym-flow\\services\\admin-dashboard\\src\\components\\icons\\IconEcosystem.vue","all":false,"statementMap":{"1":{"start":{"line":2,"column":0},"end":{"line":2,"column":85}},"2":{"start":{"line":3,"column":0},"end":{"line":3,"column":9}},"3":{"start":{"line":4,"column":0},"end":{"line":4,"column":1841}},"4":{"start":{"line":5,"column":0},"end":{"line":5,"column":6}},"5":{"start":{"line":6,"column":0},"end":{"line":6,"column":8}}},"s":{"1":1,"2":1,"3":1,"4":1,"5":1},"branchMap":{},"b":{},"fnMap":{},"f":{}}
,"C:\\Users\\admin\\Documents\\Projects\\gym-flow\\services\\admin-dashboard\\src\\components\\icons\\IconSupport.vue": {"path":"C:\\Users\\admin\\Documents\\Projects\\gym-flow\\services\\admin-dashboard\\src\\components\\icons\\IconSupport.vue","all":false,"statementMap":{"1":{"start":{"line":2,"column":0},"end":{"line":2,"column":85}},"2":{"start":{"line":3,"column":0},"end":{"line":3,"column":9}},"3":{"start":{"line":4,"column":0},"end":{"line":4,"column":152}},"4":{"start":{"line":5,"column":0},"end":{"line":5,"column":6}},"5":{"start":{"line":6,"column":0},"end":{"line":6,"column":8}}},"s":{"1":1,"2":1,"3":1,"4":1,"5":1},"branchMap":{},"b":{},"fnMap":{},"f":{}}
,"C:\\Users\\admin\\Documents\\Projects\\gym-flow\\services\\admin-dashboard\\src\\components\\icons\\IconTooling.vue": {"path":"C:\\Users\\admin\\Documents\\Projects\\gym-flow\\services\\admin-dashboard\\src\\components\\icons\\IconTooling.vue","all":false,"statementMap":{"2":{"start":{"line":3,"column":0},"end":{"line":3,"column":6}},"3":{"start":{"line":4,"column":0},"end":{"line":4,"column":38}},"4":{"start":{"line":5,"column":0},"end":{"line":5,"column":46}},"5":{"start":{"line":6,"column":0},"end":{"line":6,"column":22}},"6":{"start":{"line":7,"column":0},"end":{"line":7,"column":14}},"7":{"start":{"line":8,"column":0},"end":{"line":8,"column":32}},"8":{"start":{"line":9,"column":0},"end":{"line":9,"column":14}},"9":{"start":{"line":10,"column":0},"end":{"line":10,"column":15}},"10":{"start":{"line":11,"column":0},"end":{"line":11,"column":39}},"11":{"start":{"line":12,"column":0},"end":{"line":12,"column":23}},"13":{"start":{"line":14,"column":0},"end":{"line":14,"column":9}},"14":{"start":{"line":15,"column":0},"end":{"line":15,"column":411}},"15":{"start":{"line":16,"column":0},"end":{"line":16,"column":25}},"16":{"start":{"line":17,"column":0},"end":{"line":17,"column":12}},"17":{"start":{"line":18,"column":0},"end":{"line":18,"column":8}}},"s":{"2":1,"3":1,"4":1,"5":1,"6":1,"7":1,"8":1,"9":1,"10":1,"11":1,"13":1,"14":1,"15":1,"16":1,"17":1},"branchMap":{},"b":{},"fnMap":{},"f":{}}
,"C:\\Users\\admin\\Documents\\Projects\\gym-flow\\services\\admin-dashboard\\src\\layouts\\DashboardLayout.vue": {"path":"C:\\Users\\admin\\Documents\\Projects\\gym-flow\\services\\admin-dashboard\\src\\layouts\\DashboardLayout.vue","all":false,"statementMap":{"1":{"start":{"line":2,"column":0},"end":{"line":2,"column":33}},"2":{"start":{"line":3,"column":0},"end":{"line":3,"column":59}},"3":{"start":{"line":4,"column":0},"end":{"line":4,"column":62}},"4":{"start":{"line":5,"column":0},"end":{"line":5,"column":14}},"5":{"start":{"line":6,"column":0},"end":{"line":6,"column":37}},"6":{"start":{"line":7,"column":0},"end":{"line":7,"column":37}},"7":{"start":{"line":8,"column":0},"end":{"line":8,"column":34}},"8":{"start":{"line":9,"column":0},"end":{"line":9,"column":25}},"9":{"start":{"line":10,"column":0},"end":{"line":10,"column":35}},"10":{"start":{"line":11,"column":0},"end":{"line":11,"column":14}},"12":{"start":{"line":13,"column":0},"end":{"line":13,"column":41}},"13":{"start":{"line":14,"column":0},"end":{"line":14,"column":37}},"14":{"start":{"line":15,"column":0},"end":{"line":15,"column":32}},"15":{"start":{"line":16,"column":0},"end":{"line":16,"column":23}},"16":{"start":{"line":17,"column":0},"end":{"line":17,"column":39}},"17":{"start":{"line":18,"column":0},"end":{"line":18,"column":40}},"18":{"start":{"line":19,"column":0},"end":{"line":19,"column":31}},"19":{"start":{"line":20,"column":0},"end":{"line":20,"column":23}},"20":{"start":{"line":21,"column":0},"end":{"line":21,"column":48}},"21":{"start":{"line":22,"column":0},"end":{"line":22,"column":37}},"22":{"start":{"line":23,"column":0},"end":{"line":23,"column":39}},"23":{"start":{"line":24,"column":0},"end":{"line":24,"column":23}},"24":{"start":{"line":25,"column":0},"end":{"line":25,"column":16}},"25":{"start":{"line":26,"column":0},"end":{"line":26,"column":15}},"26":{"start":{"line":27,"column":0},"end":{"line":27,"column":13}},"27":{"start":{"line":28,"column":0},"end":{"line":28,"column":21}},"28":{"start":{"line":29,"column":0},"end":{"line":29,"column":14}},"29":{"start":{"line":30,"column":0},"end":{"line":30,"column":17}},"33":{"start":{"line":34,"column":0},"end":{"line":34,"column":25}},"34":{"start":{"line":35,"column":0},"end":{"line":35,"column":61}},"36":{"start":{"line":37,"column":0},"end":{"line":37,"column":37}}},"s":{"1":1,"2":1,"3":1,"4":1,"5":1,"6":1,"7":1,"8":1,"9":1,"10":1,"12":1,"13":1,"14":1,"15":1,"16":1,"17":1,"18":1,"19":1,"20":1,"21":1,"22":1,"23":1,"24":1,"25":1,"26":1,"27":1,"28":1,"29":1,"33":1,"34":1,"36":1},"branchMap":{},"b":{},"fnMap":{},"f":{}}
,"C:\\Users\\admin\\Documents\\Projects\\gym-flow\\services\\admin-dashboard\\src\\modules\\customers\\types.ts": {"path":"C:\\Users\\admin\\Documents\\Projects\\gym-flow\\services\\admin-dashboard\\src\\modules\\customers\\types.ts","all":true,"statementMap":{},"s":{},"branchMap":{"0":{"type":"branch","line":1,"loc":{"start":{"line":1,"column":156},"end":{"line":9,"column":1}},"locations":[{"start":{"line":1,"column":156},"end":{"line":9,"column":1}}]}},"b":{"0":[1]},"fnMap":{"0":{"name":"(empty-report)","decl":{"start":{"line":1,"column":156},"end":{"line":9,"column":1}},"loc":{"start":{"line":1,"column":156},"end":{"line":9,"column":1}},"line":1}},"f":{"0":1}}
,"C:\\Users\\admin\\Documents\\Projects\\gym-flow\\services\\admin-dashboard\\src\\modules\\customers\\components\\CustomerForm.vue": {"path":"C:\\Users\\admin\\Documents\\Projects\\gym-flow\\services\\admin-dashboard\\src\\modules\\customers\\components\\CustomerForm.vue","all":false,"statementMap":{"1":{"start":{"line":2,"column":0},"end":{"line":2,"column":89}},"2":{"start":{"line":3,"column":0},"end":{"line":3,"column":47}},"3":{"start":{"line":4,"column":0},"end":{"line":4,"column":38}},"4":{"start":{"line":5,"column":0},"end":{"line":5,"column":44}},"5":{"start":{"line":6,"column":0},"end":{"line":6,"column":21}},"6":{"start":{"line":7,"column":0},"end":{"line":7,"column":34}},"7":{"start":{"line":8,"column":0},"end":{"line":8,"column":41}},"8":{"start":{"line":9,"column":0},"end":{"line":9,"column":21}},"9":{"start":{"line":10,"column":0},"end":{"line":10,"column":34}},"10":{"start":{"line":11,"column":0},"end":{"line":11,"column":41}},"11":{"start":{"line":12,"column":0},"end":{"line":12,"column":21}},"12":{"start":{"line":13,"column":0},"end":{"line":13,"column":35}},"13":{"start":{"line":14,"column":0},"end":{"line":14,"column":69}},"14":{"start":{"line":15,"column":0},"end":{"line":15,"column":49}},"15":{"start":{"line":16,"column":0},"end":{"line":16,"column":53}},"16":{"start":{"line":17,"column":0},"end":{"line":17,"column":20}},"17":{"start":{"line":18,"column":0},"end":{"line":18,"column":21}},"18":{"start":{"line":19,"column":0},"end":{"line":19,"column":36}},"19":{"start":{"line":20,"column":0},"end":{"line":20,"column":59}},"20":{"start":{"line":21,"column":0},"end":{"line":21,"column":21}},"21":{"start":{"line":22,"column":0},"end":{"line":22,"column":14}},"22":{"start":{"line":23,"column":0},"end":{"line":23,"column":22}},"23":{"start":{"line":24,"column":0},"end":{"line":24,"column":34}},"24":{"start":{"line":25,"column":0},"end":{"line":25,"column":68}},"25":{"start":{"line":26,"column":0},"end":{"line":26,"column":75}},"26":{"start":{"line":27,"column":0},"end":{"line":27,"column":13}},"28":{"start":{"line":29,"column":0},"end":{"line":29,"column":14}},"32":{"start":{"line":33,"column":0},"end":{"line":33,"column":32}},"34":{"start":{"line":35,"column":0},"end":{"line":35,"column":27}},"45":{"start":{"line":46,"column":0},"end":{"line":46,"column":44}},"47":{"start":{"line":48,"column":0},"end":{"line":48,"column":40}},"48":{"start":{"line":49,"column":0},"end":{"line":49,"column":39}},"50":{"start":{"line":51,"column":0},"end":{"line":51,"column":6}},"51":{"start":{"line":52,"column":0},"end":{"line":52,"column":22}},"52":{"start":{"line":53,"column":0},"end":{"line":53,"column":14}},"53":{"start":{"line":54,"column":0},"end":{"line":54,"column":31}},"54":{"start":{"line":55,"column":0},"end":{"line":55,"column":3}},"55":{"start":{"line":56,"column":0},"end":{"line":56,"column":1}},"57":{"start":{"line":58,"column":0},"end":{"line":58,"column":33}},"58":{"start":{"line":59,"column":0},"end":{"line":59,"column":15}},"59":{"start":{"line":60,"column":0},"end":{"line":60,"column":33}},"60":{"start":{"line":61,"column":0},"end":{"line":61,"column":3}},"61":{"start":{"line":62,"column":0},"end":{"line":62,"column":2}},"63":{"start":{"line":64,"column":0},"end":{"line":64,"column":6}},"64":{"start":{"line":65,"column":0},"end":{"line":65,"column":23}},"65":{"start":{"line":66,"column":0},"end":{"line":66,"column":14}},"66":{"start":{"line":67,"column":0},"end":{"line":67,"column":29}},"67":{"start":{"line":68,"column":0},"end":{"line":68,"column":3}},"68":{"start":{"line":69,"column":0},"end":{"line":69,"column":1}},"70":{"start":{"line":71,"column":0},"end":{"line":71,"column":28}},"72":{"start":{"line":73,"column":0},"end":{"line":73,"column":44}},"73":{"start":{"line":74,"column":0},"end":{"line":74,"column":29}},"74":{"start":{"line":75,"column":0},"end":{"line":75,"column":1}}},"s":{"1":1,"2":1,"3":1,"4":1,"5":1,"6":1,"7":1,"8":1,"9":1,"10":1,"11":1,"12":1,"13":1,"14":1,"15":1,"16":1,"17":1,"18":1,"19":1,"20":1,"21":1,"22":1,"23":1,"24":1,"25":1,"26":1,"28":1,"32":1,"34":1,"45":1,"47":1,"48":1,"50":1,"51":1,"52":1,"53":0,"54":0,"55":1,"57":1,"58":2,"59":2,"60":2,"61":1,"63":1,"64":1,"65":1,"66":0,"67":0,"68":1,"70":1,"72":1,"73":1,"74":1},"branchMap":{"0":{"type":"branch","line":52,"loc":{"start":{"line":52,"column":2},"end":{"line":52,"column":22}},"locations":[{"start":{"line":52,"column":2},"end":{"line":52,"column":22}}]},"1":{"type":"branch","line":58,"loc":{"start":{"line":58,"column":21},"end":{"line":62,"column":1}},"locations":[{"start":{"line":58,"column":21},"end":{"line":62,"column":1}}]},"2":{"type":"branch","line":65,"loc":{"start":{"line":65,"column":2},"end":{"line":65,"column":23}},"locations":[{"start":{"line":65,"column":2},"end":{"line":65,"column":23}}]},"3":{"type":"branch","line":71,"loc":{"start":{"line":71,"column":21},"end":{"line":75,"column":1}},"locations":[{"start":{"line":71,"column":21},"end":{"line":75,"column":1}}]},"4":{"type":"branch","line":2,"loc":{"start":{"line":2,"column":22},"end":{"line":2,"column":38}},"locations":[{"start":{"line":2,"column":22},"end":{"line":2,"column":38}}]},"5":{"type":"branch","line":2,"loc":{"start":{"line":2,"column":50},"end":{"line":2,"column":89}},"locations":[{"start":{"line":2,"column":50},"end":{"line":2,"column":89}}]},"6":{"type":"branch","line":25,"loc":{"start":{"line":25,"column":25},"end":{"line":25,"column":50}},"locations":[{"start":{"line":25,"column":25},"end":{"line":25,"column":50}}]},"7":{"type":"branch","line":25,"loc":{"start":{"line":25,"column":25},"end":{"line":25,"column":50}},"locations":[{"start":{"line":25,"column":25},"end":{"line":25,"column":50}}]},"8":{"type":"branch","line":25,"loc":{"start":{"line":25,"column":50},"end":{"line":25,"column":68}},"locations":[{"start":{"line":25,"column":50},"end":{"line":25,"column":68}}]},"9":{"type":"branch","line":25,"loc":{"start":{"line":25,"column":56},"end":{"line":25,"column":68}},"locations":[{"start":{"line":25,"column":56},"end":{"line":25,"column":68}}]},"10":{"type":"branch","line":26,"loc":{"start":{"line":26,"column":56},"end":{"line":26,"column":75}},"locations":[{"start":{"line":26,"column":56},"end":{"line":26,"column":75}}]},"11":{"type":"branch","line":26,"loc":{"start":{"line":26,"column":63},"end":{"line":26,"column":75}},"locations":[{"start":{"line":26,"column":63},"end":{"line":26,"column":75}}]},"12":{"type":"branch","line":5,"loc":{"start":{"line":5,"column":32},"end":{"line":5,"column":44}},"locations":[{"start":{"line":5,"column":32},"end":{"line":5,"column":44}}]},"13":{"type":"branch","line":5,"loc":{"start":{"line":5,"column":32},"end":{"line":5,"column":44}},"locations":[{"start":{"line":5,"column":32},"end":{"line":5,"column":44}}]},"14":{"type":"branch","line":8,"loc":{"start":{"line":8,"column":32},"end":{"line":8,"column":41}},"locations":[{"start":{"line":8,"column":32},"end":{"line":8,"column":41}}]},"15":{"type":"branch","line":11,"loc":{"start":{"line":11,"column":32},"end":{"line":11,"column":41}},"locations":[{"start":{"line":11,"column":32},"end":{"line":11,"column":41}}]},"16":{"type":"branch","line":14,"loc":{"start":{"line":14,"column":33},"end":{"line":14,"column":41}},"locations":[{"start":{"line":14,"column":33},"end":{"line":14,"column":41}}]},"17":{"type":"branch","line":20,"loc":{"start":{"line":20,"column":32},"end":{"line":20,"column":41}},"locations":[{"start":{"line":20,"column":32},"end":{"line":20,"column":41}}]}},"b":{"0":[4],"1":[2],"2":[4],"3":[1],"4":[4],"5":[0],"6":[4],"7":[1],"8":[8],"9":[4],"10":[8],"11":[4],"12":[4],"13":[1],"14":[4],"15":[4],"16":[4],"17":[4]},"fnMap":{"0":{"name":"dialogVisible.value","decl":{"start":{"line":52,"column":2},"end":{"line":52,"column":22}},"loc":{"start":{"line":52,"column":2},"end":{"line":52,"column":22}},"line":52},"1":{"name":"form.value","decl":{"start":{"line":65,"column":2},"end":{"line":65,"column":23}},"loc":{"start":{"line":65,"column":2},"end":{"line":65,"column":23}},"line":65},"2":{"name":"handleSubmit","decl":{"start":{"line":71,"column":21},"end":{"line":75,"column":1}},"loc":{"start":{"line":71,"column":21},"end":{"line":75,"column":1}},"line":71},"3":{"name":"onUpdate:modelValue._cache.<computed>._cache.<computed>","decl":{"start":{"line":2,"column":22},"end":{"line":2,"column":38}},"loc":{"start":{"line":2,"column":22},"end":{"line":2,"column":38}},"line":2},"4":{"name":"onClick._cache.<computed>._cache.<computed>","decl":{"start":{"line":25,"column":25},"end":{"line":25,"column":50}},"loc":{"start":{"line":25,"column":25},"end":{"line":25,"column":50}},"line":25},"5":{"name":"onUpdate:modelValue._cache.<computed>._cache.<computed>","decl":{"start":{"line":5,"column":32},"end":{"line":5,"column":44}},"loc":{"start":{"line":5,"column":32},"end":{"line":5,"column":44}},"line":5},"6":{"name":"onUpdate:modelValue._cache.<computed>._cache.<computed>","decl":{"start":{"line":8,"column":32},"end":{"line":8,"column":41}},"loc":{"start":{"line":8,"column":32},"end":{"line":8,"column":41}},"line":8},"7":{"name":"onUpdate:modelValue._cache.<computed>._cache.<computed>","decl":{"start":{"line":11,"column":32},"end":{"line":11,"column":41}},"loc":{"start":{"line":11,"column":32},"end":{"line":11,"column":41}},"line":11},"8":{"name":"onUpdate:modelValue._cache.<computed>._cache.<computed>","decl":{"start":{"line":14,"column":33},"end":{"line":14,"column":41}},"loc":{"start":{"line":14,"column":33},"end":{"line":14,"column":41}},"line":14},"9":{"name":"onUpdate:modelValue._cache.<computed>._cache.<computed>","decl":{"start":{"line":20,"column":32},"end":{"line":20,"column":41}},"loc":{"start":{"line":20,"column":32},"end":{"line":20,"column":41}},"line":20}},"f":{"0":4,"1":4,"2":1,"3":0,"4":1,"5":1,"6":0,"7":0,"8":0,"9":0}}
,"C:\\Users\\admin\\Documents\\Projects\\gym-flow\\services\\admin-dashboard\\src\\modules\\customers\\components\\CustomerTable.vue": {"path":"C:\\Users\\admin\\Documents\\Projects\\gym-flow\\services\\admin-dashboard\\src\\modules\\customers\\components\\CustomerTable.vue","all":false,"statementMap":{"1":{"start":{"line":2,"column":0},"end":{"line":2,"column":7}},"2":{"start":{"line":3,"column":0},"end":{"line":3,"column":22}},"3":{"start":{"line":4,"column":0},"end":{"line":4,"column":82}},"4":{"start":{"line":5,"column":0},"end":{"line":5,"column":74}},"5":{"start":{"line":6,"column":0},"end":{"line":6,"column":10}},"7":{"start":{"line":8,"column":0},"end":{"line":8,"column":52}},"8":{"start":{"line":9,"column":0},"end":{"line":9,"column":59}},"9":{"start":{"line":10,"column":0},"end":{"line":10,"column":52}},"10":{"start":{"line":11,"column":0},"end":{"line":11,"column":52}},"11":{"start":{"line":12,"column":0},"end":{"line":12,"column":54}},"12":{"start":{"line":13,"column":0},"end":{"line":13,"column":75}},"13":{"start":{"line":14,"column":0},"end":{"line":14,"column":39}},"14":{"start":{"line":15,"column":0},"end":{"line":15,"column":35}},"15":{"start":{"line":16,"column":0},"end":{"line":16,"column":81}},"16":{"start":{"line":17,"column":0},"end":{"line":17,"column":24}},"17":{"start":{"line":18,"column":0},"end":{"line":18,"column":48}},"18":{"start":{"line":19,"column":0},"end":{"line":19,"column":49}},"20":{"start":{"line":21,"column":0},"end":{"line":21,"column":33}},"21":{"start":{"line":22,"column":0},"end":{"line":22,"column":70}},"23":{"start":{"line":24,"column":0},"end":{"line":24,"column":26}},"25":{"start":{"line":26,"column":0},"end":{"line":26,"column":24}},"26":{"start":{"line":27,"column":0},"end":{"line":27,"column":15}},"28":{"start":{"line":29,"column":0},"end":{"line":29,"column":18}},"29":{"start":{"line":30,"column":0},"end":{"line":30,"column":18}},"30":{"start":{"line":31,"column":0},"end":{"line":31,"column":33}},"31":{"start":{"line":32,"column":0},"end":{"line":32,"column":27}},"32":{"start":{"line":33,"column":0},"end":{"line":33,"column":20}},"33":{"start":{"line":34,"column":0},"end":{"line":34,"column":40}},"34":{"start":{"line":35,"column":0},"end":{"line":35,"column":6}},"35":{"start":{"line":36,"column":0},"end":{"line":36,"column":8}},"39":{"start":{"line":40,"column":0},"end":{"line":40,"column":36}},"40":{"start":{"line":41,"column":0},"end":{"line":41,"column":58}},"41":{"start":{"line":42,"column":0},"end":{"line":42,"column":35}},"44":{"start":{"line":45,"column":0},"end":{"line":45,"column":34}},"46":{"start":{"line":47,"column":0},"end":{"line":47,"column":40}},"47":{"start":{"line":48,"column":0},"end":{"line":48,"column":78}},"48":{"start":{"line":49,"column":0},"end":{"line":49,"column":56}},"50":{"start":{"line":51,"column":0},"end":{"line":51,"column":22}},"52":{"start":{"line":53,"column":0},"end":{"line":53,"column":17}},"53":{"start":{"line":54,"column":0},"end":{"line":54,"column":18}},"54":{"start":{"line":55,"column":0},"end":{"line":55,"column":2}},"56":{"start":{"line":57,"column":0},"end":{"line":57,"column":44}},"57":{"start":{"line":58,"column":0},"end":{"line":58,"column":26}},"58":{"start":{"line":59,"column":0},"end":{"line":59,"column":18}},"59":{"start":{"line":60,"column":0},"end":{"line":60,"column":1}},"61":{"start":{"line":62,"column":0},"end":{"line":62,"column":44}},"62":{"start":{"line":63,"column":0},"end":{"line":63,"column":24}},"63":{"start":{"line":64,"column":0},"end":{"line":64,"column":1}},"65":{"start":{"line":66,"column":0},"end":{"line":66,"column":38}},"66":{"start":{"line":67,"column":0},"end":{"line":67,"column":20}},"67":{"start":{"line":68,"column":0},"end":{"line":68,"column":1}}},"s":{"1":1,"2":1,"3":1,"4":1,"5":1,"7":1,"8":1,"9":1,"10":1,"11":1,"12":1,"13":1,"14":1,"15":1,"16":1,"17":1,"18":1,"20":1,"21":1,"23":1,"25":1,"26":1,"28":1,"29":1,"30":1,"31":1,"32":1,"33":1,"34":1,"35":1,"39":1,"40":1,"41":1,"44":1,"46":1,"47":1,"48":1,"50":1,"52":1,"53":7,"54":1,"56":1,"57":1,"58":1,"59":1,"61":1,"62":1,"63":1,"65":1,"66":1,"67":1},"branchMap":{"0":{"type":"branch","line":53,"loc":{"start":{"line":53,"column":10},"end":{"line":55,"column":1}},"locations":[{"start":{"line":53,"column":10},"end":{"line":55,"column":1}}]},"1":{"type":"branch","line":57,"loc":{"start":{"line":57,"column":25},"end":{"line":60,"column":1}},"locations":[{"start":{"line":57,"column":25},"end":{"line":60,"column":1}}]},"2":{"type":"branch","line":62,"loc":{"start":{"line":62,"column":19},"end":{"line":64,"column":1}},"locations":[{"start":{"line":62,"column":19},"end":{"line":64,"column":1}}]},"3":{"type":"branch","line":66,"loc":{"start":{"line":66,"column":21},"end":{"line":68,"column":1}},"locations":[{"start":{"line":66,"column":21},"end":{"line":68,"column":1}}]},"4":{"type":"branch","line":4,"loc":{"start":{"line":4,"column":25},"end":{"line":4,"column":33}},"locations":[{"start":{"line":4,"column":25},"end":{"line":4,"column":33}}]},"5":{"type":"branch","line":5,"loc":{"start":{"line":5,"column":56},"end":{"line":5,"column":74}},"locations":[{"start":{"line":5,"column":56},"end":{"line":5,"column":74}}]},"6":{"type":"branch","line":5,"loc":{"start":{"line":5,"column":62},"end":{"line":5,"column":74}},"locations":[{"start":{"line":5,"column":62},"end":{"line":5,"column":74}}]},"7":{"type":"branch","line":16,"loc":{"start":{"line":16,"column":40},"end":{"line":16,"column":65}},"locations":[{"start":{"line":16,"column":40},"end":{"line":16,"column":65}}]},"8":{"type":"branch","line":16,"loc":{"start":{"line":16,"column":65},"end":{"line":16,"column":81}},"locations":[{"start":{"line":16,"column":65},"end":{"line":16,"column":81}}]},"9":{"type":"branch","line":16,"loc":{"start":{"line":16,"column":69},"end":{"line":16,"column":81}},"locations":[{"start":{"line":16,"column":69},"end":{"line":16,"column":81}}]},"10":{"type":"branch","line":22,"loc":{"start":{"line":22,"column":52},"end":{"line":22,"column":70}},"locations":[{"start":{"line":22,"column":52},"end":{"line":22,"column":70}}]},"11":{"type":"branch","line":22,"loc":{"start":{"line":22,"column":58},"end":{"line":22,"column":70}},"locations":[{"start":{"line":22,"column":58},"end":{"line":22,"column":70}}]}},"b":{"0":[7],"1":[1],"2":[1],"3":[1],"4":[7],"5":[14],"6":[7],"7":[1],"8":[4],"9":[2],"10":[4],"11":[2]},"fnMap":{"0":{"name":"handlePageChange","decl":{"start":{"line":57,"column":25},"end":{"line":60,"column":1}},"loc":{"start":{"line":57,"column":25},"end":{"line":60,"column":1}},"line":57},"1":{"name":"handleEdit","decl":{"start":{"line":62,"column":19},"end":{"line":64,"column":1}},"loc":{"start":{"line":62,"column":19},"end":{"line":64,"column":1}},"line":62},"2":{"name":"handleDelete","decl":{"start":{"line":66,"column":21},"end":{"line":68,"column":1}},"loc":{"start":{"line":66,"column":21},"end":{"line":68,"column":1}},"line":66},"3":{"name":"onUpdate:modelValue._cache.<computed>._cache.<computed>","decl":{"start":{"line":4,"column":25},"end":{"line":4,"column":33}},"loc":{"start":{"line":4,"column":25},"end":{"line":4,"column":33}},"line":4},"4":{"name":"onClick","decl":{"start":{"line":16,"column":40},"end":{"line":16,"column":65}},"loc":{"start":{"line":16,"column":40},"end":{"line":16,"column":65}},"line":16},"5":{"name":"onConfirm","decl":{"start":{"line":19,"column":20},"end":{"line":19,"column":49}},"loc":{"start":{"line":19,"column":20},"end":{"line":19,"column":49}},"line":19}},"f":{"0":1,"1":1,"2":1,"3":0,"4":1,"5":0}}
,"C:\\Users\\admin\\Documents\\Projects\\gym-flow\\services\\admin-dashboard\\src\\modules\\customers\\router\\index.ts": {"path":"C:\\Users\\admin\\Documents\\Projects\\gym-flow\\services\\admin-dashboard\\src\\modules\\customers\\router\\index.ts","all":false,"statementMap":{"2":{"start":{"line":3,"column":0},"end":{"line":3,"column":39}},"3":{"start":{"line":4,"column":0},"end":{"line":4,"column":3}},"4":{"start":{"line":5,"column":0},"end":{"line":5,"column":23}},"5":{"start":{"line":6,"column":0},"end":{"line":6,"column":22}},"6":{"start":{"line":7,"column":0},"end":{"line":7,"column":60}},"7":{"start":{"line":8,"column":0},"end":{"line":8,"column":3}},"8":{"start":{"line":9,"column":0},"end":{"line":9,"column":1}},"10":{"start":{"line":11,"column":0},"end":{"line":11,"column":21}}},"s":{"2":1,"3":1,"4":1,"5":1,"6":1,"7":1,"8":1,"10":1},"branchMap":{},"b":{},"fnMap":{"0":{"name":"component","decl":{"start":{"line":7,"column":15},"end":{"line":7,"column":60}},"loc":{"start":{"line":7,"column":15},"end":{"line":7,"column":60}},"line":7}},"f":{"0":0}}
,"C:\\Users\\admin\\Documents\\Projects\\gym-flow\\services\\admin-dashboard\\src\\modules\\customers\\stores\\customerStore.ts": {"path":"C:\\Users\\admin\\Documents\\Projects\\gym-flow\\services\\admin-dashboard\\src\\modules\\customers\\stores\\customerStore.ts","all":false,"statementMap":{"0":{"start":{"line":1,"column":0},"end":{"line":1,"column":35}},"1":{"start":{"line":2,"column":0},"end":{"line":2,"column":25}},"5":{"start":{"line":6,"column":0},"end":{"line":6,"column":35}},"6":{"start":{"line":7,"column":0},"end":{"line":7,"column":3}},"7":{"start":{"line":8,"column":0},"end":{"line":8,"column":10}},"8":{"start":{"line":9,"column":0},"end":{"line":9,"column":25}},"9":{"start":{"line":10,"column":0},"end":{"line":10,"column":26}},"10":{"start":{"line":11,"column":0},"end":{"line":11,"column":34}},"11":{"start":{"line":12,"column":0},"end":{"line":12,"column":19}},"12":{"start":{"line":13,"column":0},"end":{"line":13,"column":30}},"13":{"start":{"line":14,"column":0},"end":{"line":14,"column":4}},"14":{"start":{"line":15,"column":0},"end":{"line":15,"column":3}},"15":{"start":{"line":16,"column":0},"end":{"line":16,"column":10}},"16":{"start":{"line":17,"column":0},"end":{"line":17,"column":27}},"17":{"start":{"line":18,"column":0},"end":{"line":18,"column":26}},"18":{"start":{"line":19,"column":0},"end":{"line":19,"column":36}},"19":{"start":{"line":20,"column":0},"end":{"line":20,"column":21}},"20":{"start":{"line":21,"column":0},"end":{"line":21,"column":32}},"21":{"start":{"line":22,"column":0},"end":{"line":22,"column":3}},"22":{"start":{"line":23,"column":0},"end":{"line":23,"column":1}},"24":{"start":{"line":25,"column":0},"end":{"line":25,"column":63}},"25":{"start":{"line":26,"column":0},"end":{"line":26,"column":39}},"26":{"start":{"line":27,"column":0},"end":{"line":27,"column":22}},"27":{"start":{"line":28,"column":0},"end":{"line":28,"column":28}},"28":{"start":{"line":29,"column":0},"end":{"line":29,"column":26}},"30":{"start":{"line":31,"column":0},"end":{"line":31,"column":38}},"32":{"start":{"line":33,"column":0},"end":{"line":33,"column":35}},"33":{"start":{"line":34,"column":0},"end":{"line":34,"column":38}},"34":{"start":{"line":35,"column":0},"end":{"line":35,"column":3}},"36":{"start":{"line":37,"column":0},"end":{"line":37,"column":48}},"38":{"start":{"line":39,"column":0},"end":{"line":39,"column":64}},"39":{"start":{"line":40,"column":0},"end":{"line":40,"column":3}},"41":{"start":{"line":42,"column":0},"end":{"line":42,"column":10}},"42":{"start":{"line":43,"column":0},"end":{"line":43,"column":14}},"43":{"start":{"line":44,"column":0},"end":{"line":44,"column":10}},"44":{"start":{"line":45,"column":0},"end":{"line":45,"column":16}},"45":{"start":{"line":46,"column":0},"end":{"line":46,"column":13}},"46":{"start":{"line":47,"column":0},"end":{"line":47,"column":19}},"47":{"start":{"line":48,"column":0},"end":{"line":48,"column":18}},"48":{"start":{"line":49,"column":0},"end":{"line":49,"column":3}},"49":{"start":{"line":50,"column":0},"end":{"line":50,"column":2}}},"s":{"0":1,"1":1,"5":1,"6":1,"7":1,"8":1,"9":1,"10":1,"11":1,"12":1,"13":1,"14":1,"15":1,"16":1,"17":1,"18":1,"19":1,"20":1,"21":1,"22":1,"24":1,"25":9,"26":9,"27":9,"28":9,"30":9,"32":2,"33":2,"34":2,"36":9,"38":1,"39":1,"41":9,"42":9,"43":9,"44":9,"45":9,"46":9,"47":9,"48":9,"49":9},"branchMap":{"0":{"type":"branch","line":25,"loc":{"start":{"line":25,"column":56},"end":{"line":50,"column":2}},"locations":[{"start":{"line":25,"column":56},"end":{"line":50,"column":2}}]},"1":{"type":"branch","line":31,"loc":{"start":{"line":31,"column":25},"end":{"line":35,"column":3}},"locations":[{"start":{"line":31,"column":25},"end":{"line":35,"column":3}}]},"2":{"type":"branch","line":37,"loc":{"start":{"line":37,"column":25},"end":{"line":40,"column":3}},"locations":[{"start":{"line":37,"column":25},"end":{"line":40,"column":3}}]},"3":{"type":"branch","line":39,"loc":{"start":{"line":39,"column":45},"end":{"line":39,"column":63}},"locations":[{"start":{"line":39,"column":45},"end":{"line":39,"column":63}}]}},"b":{"0":[9],"1":[2],"2":[1],"3":[2]},"fnMap":{"0":{"name":"fetchCustomers","decl":{"start":{"line":31,"column":25},"end":{"line":35,"column":3}},"loc":{"start":{"line":31,"column":25},"end":{"line":35,"column":3}},"line":31},"1":{"name":"deleteCustomer","decl":{"start":{"line":37,"column":25},"end":{"line":40,"column":3}},"loc":{"start":{"line":37,"column":25},"end":{"line":40,"column":3}},"line":37}},"f":{"0":2,"1":1}}
,"C:\\Users\\admin\\Documents\\Projects\\gym-flow\\services\\admin-dashboard\\src\\modules\\customers\\views\\CustomerListView.vue": {"path":"C:\\Users\\admin\\Documents\\Projects\\gym-flow\\services\\admin-dashboard\\src\\modules\\customers\\views\\CustomerListView.vue","all":false,"statementMap":{"1":{"start":{"line":2,"column":0},"end":{"line":2,"column":7}},"2":{"start":{"line":3,"column":0},"end":{"line":3,"column":56}},"3":{"start":{"line":4,"column":0},"end":{"line":4,"column":61}},"4":{"start":{"line":5,"column":0},"end":{"line":5,"column":75}},"5":{"start":{"line":6,"column":0},"end":{"line":6,"column":10}},"6":{"start":{"line":7,"column":0},"end":{"line":7,"column":40}},"7":{"start":{"line":8,"column":0},"end":{"line":8,"column":17}},"8":{"start":{"line":9,"column":0},"end":{"line":9,"column":28}},"9":{"start":{"line":10,"column":0},"end":{"line":10,"column":34}},"10":{"start":{"line":11,"column":0},"end":{"line":11,"column":44}},"11":{"start":{"line":12,"column":0},"end":{"line":12,"column":6}},"12":{"start":{"line":13,"column":0},"end":{"line":13,"column":8}},"16":{"start":{"line":17,"column":0},"end":{"line":17,"column":25}},"17":{"start":{"line":18,"column":0},"end":{"line":18,"column":59}},"18":{"start":{"line":19,"column":0},"end":{"line":19,"column":57}},"21":{"start":{"line":22,"column":0},"end":{"line":22,"column":30}},"22":{"start":{"line":23,"column":0},"end":{"line":23,"column":51}},"24":{"start":{"line":25,"column":0},"end":{"line":25,"column":25}},"25":{"start":{"line":26,"column":0},"end":{"line":26,"column":29}},"26":{"start":{"line":27,"column":0},"end":{"line":27,"column":26}},"27":{"start":{"line":28,"column":0},"end":{"line":28,"column":1}},"29":{"start":{"line":30,"column":0},"end":{"line":30,"column":44}},"30":{"start":{"line":31,"column":0},"end":{"line":31,"column":35}},"31":{"start":{"line":32,"column":0},"end":{"line":32,"column":26}},"32":{"start":{"line":33,"column":0},"end":{"line":33,"column":1}}},"s":{"1":1,"2":1,"3":1,"4":1,"5":1,"6":1,"7":1,"8":1,"9":1,"10":1,"11":1,"12":1,"16":1,"17":1,"18":1,"21":1,"22":1,"24":1,"25":1,"26":1,"27":1,"29":1,"30":1,"31":1,"32":1},"branchMap":{"0":{"type":"branch","line":25,"loc":{"start":{"line":25,"column":18},"end":{"line":28,"column":1}},"locations":[{"start":{"line":25,"column":18},"end":{"line":28,"column":1}}]},"1":{"type":"branch","line":30,"loc":{"start":{"line":30,"column":19},"end":{"line":33,"column":1}},"locations":[{"start":{"line":30,"column":19},"end":{"line":33,"column":1}}]},"2":{"type":"branch","line":11,"loc":{"start":{"line":11,"column":21},"end":{"line":11,"column":44}},"locations":[{"start":{"line":11,"column":21},"end":{"line":11,"column":44}}]},"3":{"type":"branch","line":5,"loc":{"start":{"line":5,"column":51},"end":{"line":5,"column":75}},"locations":[{"start":{"line":5,"column":51},"end":{"line":5,"column":75}}]},"4":{"type":"branch","line":5,"loc":{"start":{"line":5,"column":63},"end":{"line":5,"column":75}},"locations":[{"start":{"line":5,"column":63},"end":{"line":5,"column":75}}]}},"b":{"0":[1],"1":[1],"2":[2],"3":[4],"4":[2]},"fnMap":{"0":{"name":"handleAdd","decl":{"start":{"line":25,"column":18},"end":{"line":28,"column":1}},"loc":{"start":{"line":25,"column":18},"end":{"line":28,"column":1}},"line":25},"1":{"name":"handleEdit","decl":{"start":{"line":30,"column":19},"end":{"line":33,"column":1}},"loc":{"start":{"line":30,"column":19},"end":{"line":33,"column":1}},"line":30},"2":{"name":"onUpdate:visible._cache.<computed>._cache.<computed>","decl":{"start":{"line":11,"column":21},"end":{"line":11,"column":44}},"loc":{"start":{"line":11,"column":21},"end":{"line":11,"column":44}},"line":11}},"f":{"0":1,"1":1,"2":0}}
,"C:\\Users\\admin\\Documents\\Projects\\gym-flow\\services\\admin-dashboard\\src\\router\\index.ts": {"path":"C:\\Users\\admin\\Documents\\Projects\\gym-flow\\services\\admin-dashboard\\src\\router\\index.ts","all":false,"statementMap":{"0":{"start":{"line":1,"column":0},"end":{"line":1,"column":59}},"1":{"start":{"line":2,"column":0},"end":{"line":2,"column":56}},"3":{"start":{"line":4,"column":0},"end":{"line":4,"column":29}},"4":{"start":{"line":5,"column":0},"end":{"line":5,"column":54}},"5":{"start":{"line":6,"column":0},"end":{"line":6,"column":11}},"6":{"start":{"line":7,"column":0},"end":{"line":7,"column":5}},"7":{"start":{"line":8,"column":0},"end":{"line":8,"column":16}},"8":{"start":{"line":9,"column":0},"end":{"line":9,"column":28}},"9":{"start":{"line":10,"column":0},"end":{"line":10,"column":6}},"10":{"start":{"line":11,"column":0},"end":{"line":11,"column":21}},"11":{"start":{"line":12,"column":0},"end":{"line":12,"column":3}},"12":{"start":{"line":13,"column":0},"end":{"line":13,"column":2}},"14":{"start":{"line":15,"column":0},"end":{"line":15,"column":21}}},"s":{"0":1,"1":1,"3":1,"4":1,"5":1,"6":1,"7":1,"8":1,"9":1,"10":1,"11":1,"12":1,"14":1},"branchMap":{},"b":{},"fnMap":{},"f":{}}
,"C:\\Users\\admin\\Documents\\Projects\\gym-flow\\services\\admin-dashboard\\src\\stores\\counter.ts": {"path":"C:\\Users\\admin\\Documents\\Projects\\gym-flow\\services\\admin-dashboard\\src\\stores\\counter.ts","all":false,"statementMap":{"0":{"start":{"line":1,"column":0},"end":{"line":1,"column":35}},"1":{"start":{"line":2,"column":0},"end":{"line":2,"column":35}},"3":{"start":{"line":4,"column":0},"end":{"line":4,"column":61}},"4":{"start":{"line":5,"column":0},"end":{"line":5,"column":22}},"5":{"start":{"line":6,"column":0},"end":{"line":6,"column":53}},"6":{"start":{"line":7,"column":0},"end":{"line":7,"column":24}},"7":{"start":{"line":8,"column":0},"end":{"line":8,"column":17}},"8":{"start":{"line":9,"column":0},"end":{"line":9,"column":3}},"10":{"start":{"line":11,"column":0},"end":{"line":11,"column":42}},"11":{"start":{"line":12,"column":0},"end":{"line":12,"column":2}}},"s":{"0":1,"1":1,"3":1,"4":1,"5":1,"6":1,"7":1,"8":1,"10":1,"11":1},"branchMap":{"0":{"type":"branch","line":4,"loc":{"start":{"line":4,"column":54},"end":{"line":12,"column":2}},"locations":[{"start":{"line":4,"column":54},"end":{"line":12,"column":2}}]},"1":{"type":"branch","line":7,"loc":{"start":{"line":7,"column":2},"end":{"line":9,"column":3}},"locations":[{"start":{"line":7,"column":2},"end":{"line":9,"column":3}}]}},"b":{"0":[1],"1":[1]},"fnMap":{"0":{"name":"increment","decl":{"start":{"line":7,"column":2},"end":{"line":9,"column":3}},"loc":{"start":{"line":7,"column":2},"end":{"line":9,"column":3}},"line":7}},"f":{"0":1}}
,"C:\\Users\\admin\\Documents\\Projects\\gym-flow\\services\\admin-dashboard\\src\\views\\AboutView.vue": {"path":"C:\\Users\\admin\\Documents\\Projects\\gym-flow\\services\\admin-dashboard\\src\\views\\AboutView.vue","all":false,"statementMap":{"1":{"start":{"line":2,"column":0},"end":{"line":2,"column":21}},"2":{"start":{"line":3,"column":0},"end":{"line":3,"column":34}},"3":{"start":{"line":4,"column":0},"end":{"line":4,"column":8}}},"s":{"1":1,"2":1,"3":1},"branchMap":{},"b":{},"fnMap":{},"f":{}}
,"C:\\Users\\admin\\Documents\\Projects\\gym-flow\\services\\admin-dashboard\\src\\views\\HomeView.vue": {"path":"C:\\Users\\admin\\Documents\\Projects\\gym-flow\\services\\admin-dashboard\\src\\views\\HomeView.vue","all":false,"statementMap":{"1":{"start":{"line":2,"column":0},"end":{"line":2,"column":53}},"5":{"start":{"line":6,"column":0},"end":{"line":6,"column":8}},"6":{"start":{"line":7,"column":0},"end":{"line":7,"column":18}},"7":{"start":{"line":8,"column":0},"end":{"line":8,"column":9}}},"s":{"1":1,"5":1,"6":1,"7":1},"branchMap":{},"b":{},"fnMap":{},"f":{}}
}
